#
# There is insufficient memory for the Java Runtime Environment to continue.
# Native memory allocation (mmap) failed to map 4718592 bytes for committing reserved memory.
# Possible reasons:
#   The system is out of physical RAM or swap space
#   In 32 bit mode, the process size limit was hit
# Possible solutions:
#   Reduce memory load on the system
#   Increase physical memory or swap space
#   Check if swap backing store is full
#   Use 64 bit Java on a 64 bit OS
#   Decrease Java heap size (-Xmx/-Xms)
#   Decrease number of Java threads
#   Decrease Java thread stack sizes (-Xss)
#   Set larger code cache with -XX:ReservedCodeCacheSize=
# This output file may be truncated or incomplete.
#
#  Out of Memory Error (os_linux.cpp:2627), pid=6034, tid=139846368085760
#
# JRE version: Java(TM) SE Runtime Environment (8.0_91-b14) (build 1.8.0_91-b14)
# Java VM: Java HotSpot(TM) 64-Bit Server VM (25.91-b14 mixed mode linux-amd64 compressed oops)
# Failed to write core dump. Core dumps have been disabled. To enable core dumping, try "ulimit -c unlimited" before starting Java again
#

---------------  T H R E A D  ---------------

Current thread (0x00007f3098073800):  VMThread [stack: 0x00007f308507c000,0x00007f308517d000] [id=6048]

Stack: [0x00007f308507c000,0x00007f308517d000],  sp=0x00007f308517b320,  free space=1020k
Native frames: (J=compiled Java code, j=interpreted, Vv=VM code, C=native code)
V  [libjvm.so+0xabc18a]  VMError::report_and_die()+0x2ba
V  [libjvm.so+0x4fafeb]  report_vm_out_of_memory(char const*, int, unsigned long, VMErrorType, char const*)+0x8b
V  [libjvm.so+0x91cbb3]  os::Linux::commit_memory_impl(char*, unsigned long, bool)+0x103
V  [libjvm.so+0x91d109]  os::pd_commit_memory(char*, unsigned long, unsigned long, bool)+0x29
V  [libjvm.so+0x91740a]  os::commit_memory(char*, unsigned long, unsigned long, bool)+0x2a
V  [libjvm.so+0x98b033]  PSVirtualSpace::expand_by(unsigned long)+0x53
V  [libjvm.so+0x98c438]  PSYoungGen::resize_generation(unsigned long, unsigned long)+0xf8
V  [libjvm.so+0x98b592]  PSYoungGen::resize(unsigned long, unsigned long)+0x22
V  [libjvm.so+0x98886b]  PSScavenge::invoke_no_policy()+0xf3b
V  [libjvm.so+0x988ff1]  PSScavenge::invoke()+0x41
V  [libjvm.so+0x9408b0]  ParallelScavengeHeap::failed_mem_allocate(unsigned long)+0x70
V  [libjvm.so+0xabdba7]  VM_ParallelGCFailedAllocation::doit()+0x97
V  [libjvm.so+0xac55d5]  VM_Operation::evaluate()+0x55
V  [libjvm.so+0xac39aa]  VMThread::evaluate_operation(VM_Operation*)+0xba
V  [libjvm.so+0xac3d2e]  VMThread::loop()+0x1ce
V  [libjvm.so+0xac41a0]  VMThread::run()+0x70
V  [libjvm.so+0x91ef78]  java_start(Thread*)+0x108

VM_Operation (0x00007f309ef90d50): ParallelGCFailedAllocation, mode: safepoint, requested by thread 0x00007f309800a000


---------------  P R O C E S S  ---------------

Java Threads: ( => current thread )
  0x00007f309854f800 JavaThread "process reaper" daemon [_thread_blocked, id=6060, stack(0x00007f3067b9b000,0x00007f3067bd4000)]
  0x00007f30980c3000 JavaThread "Service Thread" daemon [_thread_blocked, id=6054, stack(0x00007f3067eff000,0x00007f3068000000)]
  0x00007f30980b8000 JavaThread "C1 CompilerThread1" daemon [_thread_blocked, id=6053, stack(0x00007f3084087000,0x00007f3084188000)]
  0x00007f30980b5800 JavaThread "C2 CompilerThread0" daemon [_thread_in_native, id=6052, stack(0x00007f3084188000,0x00007f3084289000)]
  0x00007f30980b4000 JavaThread "Signal Dispatcher" daemon [_thread_blocked, id=6051, stack(0x00007f3084289000,0x00007f308438a000)]
  0x00007f3098080000 JavaThread "Finalizer" daemon [_thread_blocked, id=6050, stack(0x00007f3084e7a000,0x00007f3084f7b000)]
  0x00007f309807b800 JavaThread "Reference Handler" daemon [_thread_blocked, id=6049, stack(0x00007f3084f7b000,0x00007f308507c000)]
  0x00007f309800a000 JavaThread "main" [_thread_blocked, id=6037, stack(0x00007f309ee96000,0x00007f309ef97000)]

Other Threads:
=>0x00007f3098073800 VMThread [stack: 0x00007f308507c000,0x00007f308517d000] [id=6048]
  0x00007f30980c6000 WatcherThread [stack: 0x00007f3067dfe000,0x00007f3067eff000] [id=6055]

VM state:at safepoint (normal execution)

VM Mutex/Monitor currently owned by a thread:  ([mutex/lock_event])
[0x00007f3098006220] Threads_lock - owner thread: 0x00007f3098073800
[0x00007f3098006720] Heap_lock - owner thread: 0x00007f309800a000

Heap:
 PSYoungGen      total 139264K, used 9700K [0x00000000eae00000, 0x00000000f8b80000, 0x0000000100000000)
  eden space 129536K, 0% used [0x00000000eae00000,0x00000000eae00000,0x00000000f2c80000)
  from space 9728K, 99% used [0x00000000f8200000,0x00000000f8b79248,0x00000000f8b80000)
  to   space 9728K, 0% used [0x00000000f2c80000,0x00000000f2c80000,0x00000000f3600000)
 ParOldGen       total 36864K, used 29369K [0x00000000c0a00000, 0x00000000c2e00000, 0x00000000eae00000)
  object space 36864K, 79% used [0x00000000c0a00000,0x00000000c26ae4f0,0x00000000c2e00000)
 Metaspace       used 24866K, capacity 25368K, committed 25600K, reserved 1071104K
  class space    used 2897K, capacity 3025K, committed 3072K, reserved 1048576K

Card table byte_map: [0x00007f3088a44000,0x00007f3088c40000] byte_map_base: 0x00007f308843f000

Marking Bits: (ParMarkBitMap*) 0x00007f309e361d60
 Begin Bits: [0x00007f3086740000, 0x00007f3087718000)
 End Bits:   [0x00007f3087718000, 0x00007f30886f0000)

Polling page: 0x00007f309efb0000

CodeCache: size=245760Kb used=14731Kb max_used=14731Kb free=231028Kb
 bounds [0x00007f3089000000, 0x00007f3089e70000, 0x00007f3098000000]
 total_blobs=5121 nmethods=4731 adapters=302
 compilation: enabled

Compilation events (10 events):
Event: 17,173 Thread 0x00007f30980b8000 nmethod 5192 0x00007f3089e6d790 code [0x00007f3089e6d900, 0x00007f3089e6dbc8]
Event: 17,188 Thread 0x00007f30980b8000 5196       2       com.sun.tools.javac.jvm.Items::<init> (119 bytes)
Event: 17,272 Thread 0x00007f30980b8000 nmethod 5196 0x00007f3089e6dcd0 code [0x00007f3089e6de60, 0x00007f3089e6e470]
Event: 17,289 Thread 0x00007f30980b8000 5197       2       com.sun.tools.javac.jvm.Gen::visitExec (86 bytes)
Event: 17,339 Thread 0x00007f30980b8000 nmethod 5197 0x00007f3089e6e7d0 code [0x00007f3089e6e980, 0x00007f3089e6ec68]
Event: 17,414 Thread 0x00007f30980b8000 5199       2       com.sun.tools.javac.tree.TreeTranslator::visitTypeIdent (6 bytes)
Event: 17,488 Thread 0x00007f30980b8000 nmethod 5199 0x00007f3089e6eed0 code [0x00007f3089e6f020, 0x00007f3089e6f190]
Event: 17,499 Thread 0x00007f30980b8000 5187       2       java.util.HashMap$ValueIterator::<init> (11 bytes)
Event: 17,689 Thread 0x00007f30980b8000 nmethod 5187 0x00007f3089e6f210 code [0x00007f3089e6f380, 0x00007f3089e6f508]
Event: 17,694 Thread 0x00007f30980b8000 5202       2       com.sun.tools.javac.comp.Infer$InferenceContext::freeVarsIn (107 bytes)

GC Heap History (10 events):
Event: 5,668 GC heap after
Heap after GC invocations=6 (full 0):
 PSYoungGen      total 71680K, used 4192K [0x00000000eae00000, 0x00000000efa00000, 0x0000000100000000)
  eden space 65536K, 0% used [0x00000000eae00000,0x00000000eae00000,0x00000000eee00000)
  from space 6144K, 68% used [0x00000000ef400000,0x00000000ef818000,0x00000000efa00000)
  to   space 6144K, 0% used [0x00000000eee00000,0x00000000eee00000,0x00000000ef400000)
 ParOldGen       total 44032K, used 7792K [0x00000000c0a00000, 0x00000000c3500000, 0x00000000eae00000)
  object space 44032K, 17% used [0x00000000c0a00000,0x00000000c119c3b0,0x00000000c3500000)
 Metaspace       used 13493K, capacity 13764K, committed 14080K, reserved 1060864K
  class space    used 1625K, capacity 1726K, committed 1792K, reserved 1048576K
}
Event: 8,975 GC heap before
{Heap before GC invocations=7 (full 0):
 PSYoungGen      total 71680K, used 69728K [0x00000000eae00000, 0x00000000efa00000, 0x0000000100000000)
  eden space 65536K, 100% used [0x00000000eae00000,0x00000000eee00000,0x00000000eee00000)
  from space 6144K, 68% used [0x00000000ef400000,0x00000000ef818000,0x00000000efa00000)
  to   space 6144K, 0% used [0x00000000eee00000,0x00000000eee00000,0x00000000ef400000)
 ParOldGen       total 44032K, used 7792K [0x00000000c0a00000, 0x00000000c3500000, 0x00000000eae00000)
  object space 44032K, 17% used [0x00000000c0a00000,0x00000000c119c3b0,0x00000000c3500000)
 Metaspace       used 17339K, capacity 17744K, committed 17920K, reserved 1064960K
  class space    used 2116K, capacity 2231K, committed 2304K, reserved 1048576K
Event: 9,050 GC heap after
Heap after GC invocations=7 (full 0):
 PSYoungGen      total 71680K, used 6128K [0x00000000eae00000, 0x00000000f3e00000, 0x0000000100000000)
  eden space 65536K, 0% used [0x00000000eae00000,0x00000000eae00000,0x00000000eee00000)
  from space 6144K, 99% used [0x00000000eee00000,0x00000000ef3fc010,0x00000000ef400000)
  to   space 8192K, 0% used [0x00000000f3600000,0x00000000f3600000,0x00000000f3e00000)
 ParOldGen       total 44032K, used 11057K [0x00000000c0a00000, 0x00000000c3500000, 0x00000000eae00000)
  object space 44032K, 25% used [0x00000000c0a00000,0x00000000c14cc4b8,0x00000000c3500000)
 Metaspace       used 17339K, capacity 17744K, committed 17920K, reserved 1064960K
  class space    used 2116K, capacity 2231K, committed 2304K, reserved 1048576K
}
Event: 11,020 GC heap before
{Heap before GC invocations=8 (full 0):
 PSYoungGen      total 71680K, used 71664K [0x00000000eae00000, 0x00000000f3e00000, 0x0000000100000000)
  eden space 65536K, 100% used [0x00000000eae00000,0x00000000eee00000,0x00000000eee00000)
  from space 6144K, 99% used [0x00000000eee00000,0x00000000ef3fc010,0x00000000ef400000)
  to   space 8192K, 0% used [0x00000000f3600000,0x00000000f3600000,0x00000000f3e00000)
 ParOldGen       total 44032K, used 11057K [0x00000000c0a00000, 0x00000000c3500000, 0x00000000eae00000)
  object space 44032K, 25% used [0x00000000c0a00000,0x00000000c14cc4b8,0x00000000c3500000)
 Metaspace       used 19742K, capacity 20216K, committed 20480K, reserved 1067008K
  class space    used 2403K, capacity 2545K, committed 2560K, reserved 1048576K
Event: 11,043 GC heap after
Heap after GC invocations=8 (full 0):
 PSYoungGen      total 137728K, used 8179K [0x00000000eae00000, 0x00000000f4100000, 0x0000000100000000)
  eden space 129536K, 0% used [0x00000000eae00000,0x00000000eae00000,0x00000000f2c80000)
  from space 8192K, 99% used [0x00000000f3600000,0x00000000f3dfcdb0,0x00000000f3e00000)
  to   space 9728K, 0% used [0x00000000f2c80000,0x00000000f2c80000,0x00000000f3600000)
 ParOldGen       total 44032K, used 12123K [0x00000000c0a00000, 0x00000000c3500000, 0x00000000eae00000)
  object space 44032K, 27% used [0x00000000c0a00000,0x00000000c15d6fe8,0x00000000c3500000)
 Metaspace       used 19742K, capacity 20216K, committed 20480K, reserved 1067008K
  class space    used 2403K, capacity 2545K, committed 2560K, reserved 1048576K
}
Event: 11,142 GC heap before
{Heap before GC invocations=9 (full 0):
 PSYoungGen      total 137728K, used 13252K [0x00000000eae00000, 0x00000000f4100000, 0x0000000100000000)
  eden space 129536K, 3% used [0x00000000eae00000,0x00000000eb2f42f0,0x00000000f2c80000)
  from space 8192K, 99% used [0x00000000f3600000,0x00000000f3dfcdb0,0x00000000f3e00000)
  to   space 9728K, 0% used [0x00000000f2c80000,0x00000000f2c80000,0x00000000f3600000)
 ParOldGen       total 44032K, used 12123K [0x00000000c0a00000, 0x00000000c3500000, 0x00000000eae00000)
  object space 44032K, 27% used [0x00000000c0a00000,0x00000000c15d6fe8,0x00000000c3500000)
 Metaspace       used 20695K, capacity 21112K, committed 21296K, reserved 1069056K
  class space    used 2547K, capacity 2673K, committed 2688K, reserved 1048576K
Event: 11,160 GC heap after
Heap after GC invocations=9 (full 0):
 PSYoungGen      total 139264K, used 5632K [0x00000000eae00000, 0x00000000f8b80000, 0x0000000100000000)
  eden space 129536K, 0% used [0x00000000eae00000,0x00000000eae00000,0x00000000f2c80000)
  from space 9728K, 57% used [0x00000000f2c80000,0x00000000f3200020,0x00000000f3600000)
  to   space 9728K, 0% used [0x00000000f8200000,0x00000000f8200000,0x00000000f8b80000)
 ParOldGen       total 44032K, used 14059K [0x00000000c0a00000, 0x00000000c3500000, 0x00000000eae00000)
  object space 44032K, 31% used [0x00000000c0a00000,0x00000000c17bafe8,0x00000000c3500000)
 Metaspace       used 20695K, capacity 21112K, committed 21296K, reserved 1069056K
  class space    used 2547K, capacity 2673K, committed 2688K, reserved 1048576K
}
Event: 11,160 GC heap before
{Heap before GC invocations=10 (full 1):
 PSYoungGen      total 139264K, used 5632K [0x00000000eae00000, 0x00000000f8b80000, 0x0000000100000000)
  eden space 129536K, 0% used [0x00000000eae00000,0x00000000eae00000,0x00000000f2c80000)
  from space 9728K, 57% used [0x00000000f2c80000,0x00000000f3200020,0x00000000f3600000)
  to   space 9728K, 0% used [0x00000000f8200000,0x00000000f8200000,0x00000000f8b80000)
 ParOldGen       total 44032K, used 14059K [0x00000000c0a00000, 0x00000000c3500000, 0x00000000eae00000)
  object space 44032K, 31% used [0x00000000c0a00000,0x00000000c17bafe8,0x00000000c3500000)
 Metaspace       used 20695K, capacity 21112K, committed 21296K, reserved 1069056K
  class space    used 2547K, capacity 2673K, committed 2688K, reserved 1048576K
Event: 11,238 GC heap after
Heap after GC invocations=10 (full 1):
 PSYoungGen      total 139264K, used 0K [0x00000000eae00000, 0x00000000f8b80000, 0x0000000100000000)
  eden space 129536K, 0% used [0x00000000eae00000,0x00000000eae00000,0x00000000f2c80000)
  from space 9728K, 0% used [0x00000000f2c80000,0x00000000f2c80000,0x00000000f3600000)
  to   space 9728K, 0% used [0x00000000f8200000,0x00000000f8200000,0x00000000f8b80000)
 ParOldGen       total 36864K, used 14152K [0x00000000c0a00000, 0x00000000c2e00000, 0x00000000eae00000)
  object space 36864K, 38% used [0x00000000c0a00000,0x00000000c17d2330,0x00000000c2e00000)
 Metaspace       used 20695K, capacity 21112K, committed 21296K, reserved 1069056K
  class space    used 2547K, capacity 2673K, committed 2688K, reserved 1048576K
}
Event: 17,702 GC heap before
{Heap before GC invocations=11 (full 1):
 PSYoungGen      total 139264K, used 129536K [0x00000000eae00000, 0x00000000f8b80000, 0x0000000100000000)
  eden space 129536K, 100% used [0x00000000eae00000,0x00000000f2c80000,0x00000000f2c80000)
  from space 9728K, 0% used [0x00000000f2c80000,0x00000000f2c80000,0x00000000f3600000)
  to   space 9728K, 0% used [0x00000000f8200000,0x00000000f8200000,0x00000000f8b80000)
 ParOldGen       total 36864K, used 14152K [0x00000000c0a00000, 0x00000000c2e00000, 0x00000000eae00000)
  object space 36864K, 38% used [0x00000000c0a00000,0x00000000c17d2330,0x00000000c2e00000)
 Metaspace       used 24866K, capacity 25368K, committed 25600K, reserved 1071104K
  class space    used 2897K, capacity 3025K, committed 3072K, reserved 1048576K

Deoptimization events (10 events):
Event: 13,387 Thread 0x00007f309800a000 Uncommon trap: reason=bimorphic action=maybe_recompile pc=0x00007f3089cee8b8 method=com.sun.tools.javac.code.Type.isCompound()Z @ 14
Event: 13,387 Thread 0x00007f309800a000 Uncommon trap: reason=bimorphic action=maybe_recompile pc=0x00007f3089cee8b8 method=com.sun.tools.javac.code.Type.isCompound()Z @ 14
Event: 13,446 Thread 0x00007f309800a000 Uncommon trap: reason=unstable_if action=reinterpret pc=0x00007f3089d5d730 method=com.sun.tools.javac.code.Symbol$VarSymbol.getConstValue()Ljava/lang/Object; @ 7
Event: 13,620 Thread 0x00007f309800a000 Uncommon trap: reason=class_check action=maybe_recompile pc=0x00007f3089cb95fc method=com.sun.tools.javac.code.Type$ClassType.isErroneous()Z @ 4
Event: 13,623 Thread 0x00007f309800a000 Uncommon trap: reason=class_check action=maybe_recompile pc=0x00007f3089cb95fc method=com.sun.tools.javac.code.Type$ClassType.isErroneous()Z @ 4
Event: 13,792 Thread 0x00007f309800a000 Uncommon trap: reason=class_check action=maybe_recompile pc=0x00007f3089ddbf40 method=com.sun.tools.javac.comp.Check.checkType(Lcom/sun/tools/javac/util/JCDiagnostic$DiagnosticPosition;Lcom/sun/tools/javac/code/Type;Lcom/sun/tools/javac/code/Type;Lcom/sun
Event: 13,796 Thread 0x00007f309800a000 Uncommon trap: reason=unstable_if action=reinterpret pc=0x00007f3089bdf8f0 method=com.sun.tools.javac.tree.TreeScanner.scan(Lcom/sun/tools/javac/util/List;)V @ 1
Event: 14,005 Thread 0x00007f309800a000 Uncommon trap: reason=class_check action=maybe_recompile pc=0x00007f3089ddbf40 method=com.sun.tools.javac.comp.Check.checkType(Lcom/sun/tools/javac/util/JCDiagnostic$DiagnosticPosition;Lcom/sun/tools/javac/code/Type;Lcom/sun/tools/javac/code/Type;Lcom/sun
Event: 14,249 Thread 0x00007f309800a000 Uncommon trap: reason=class_check action=maybe_recompile pc=0x00007f3089df81d8 method=com.sun.tools.javac.code.Types.capture(Lcom/sun/tools/javac/code/Type;)Lcom/sun/tools/javac/code/Type; @ 558
Event: 16,305 Thread 0x00007f309800a000 Uncommon trap: reason=class_check action=maybe_recompile pc=0x00007f3089df81d8 method=com.sun.tools.javac.code.Types.capture(Lcom/sun/tools/javac/code/Type;)Lcom/sun/tools/javac/code/Type; @ 558

Internal exceptions (10 events):
Event: 6,299 Thread 0x00007f309800a000 Exception <a 'java/lang/NoClassDefFoundError': org/apache/log4j/Category> (0x00000000ecd3ed00) thrown at [/HUDSON/workspace/8-2-build-linux-amd64/jdk8u91/6644/hotspot/src/share/vm/classfile/systemDictionary.cpp, line 199]
Event: 6,956 Thread 0x00007f309860d800 Implicit null exception at 0x00007f308970c1c8 to 0x00007f308970c281
Event: 8,297 Thread 0x00007f309800a000 Implicit null exception at 0x00007f30894ff3d8 to 0x00007f30894ff466
Event: 8,595 Thread 0x00007f309800a000 Exception <a 'java/lang/NoClassDefFoundError': org/slf4j/Logger> (0x00000000ee2d88c0) thrown at [/HUDSON/workspace/8-2-build-linux-amd64/jdk8u91/6644/hotspot/src/share/vm/oops/constantPool.cpp, line 235]
Event: 8,835 Thread 0x00007f309800a000 Implicit null exception at 0x00007f30894c7ed6 to 0x00007f30894c7fbd
Event: 9,434 Thread 0x00007f309800a000 Exception <a 'java/lang/NoClassDefFoundError': org/slf4j/Logger> (0x00000000eb77b480) thrown at [/HUDSON/workspace/8-2-build-linux-amd64/jdk8u91/6644/hotspot/src/share/vm/oops/constantPool.cpp, line 235]
Event: 10,499 Thread 0x00007f309800a000 Exception <a 'java/lang/NoClassDefFoundError': org/slf4j/Logger> (0x00000000ee093a78) thrown at [/HUDSON/workspace/8-2-build-linux-amd64/jdk8u91/6644/hotspot/src/share/vm/oops/constantPool.cpp, line 235]
Event: 10,813 Thread 0x00007f309800a000 Exception <a 'java/lang/ClassNotFoundException': com/sun/tools/javac/api/JavacTool> (0x00000000ee989b40) thrown at [/HUDSON/workspace/8-2-build-linux-amd64/jdk8u91/6644/hotspot/src/share/vm/classfile/systemDictionary.cpp, line 210]
Event: 11,922 Thread 0x00007f309800a000 Exception <a 'java/io/FileNotFoundException'> (0x00000000ed94b7f0) thrown at [/HUDSON/workspace/8-2-build-linux-amd64/jdk8u91/6644/hotspot/src/share/vm/prims/jni.cpp, line 709]
Event: 11,929 Thread 0x00007f309800a000 Exception <a 'java/io/FileNotFoundException'> (0x00000000ed9802c8) thrown at [/HUDSON/workspace/8-2-build-linux-amd64/jdk8u91/6644/hotspot/src/share/vm/prims/jni.cpp, line 709]

Events (10 events):
Event: 16,449 loading class com/sun/tools/javac/comp/Lower$6 done
Event: 16,510 loading class com/sun/tools/javac/comp/Lower$2
Event: 16,514 loading class com/sun/tools/javac/comp/Lower$2 done
Event: 16,678 loading class com/sun/tools/javac/comp/Lower$6$1
Event: 16,680 loading class com/sun/tools/javac/comp/Lower$6$1 done
Event: 16,690 loading class com/sun/tools/javac/comp/Lower$4
Event: 16,690 loading class com/sun/tools/javac/comp/Lower$4 done
Event: 16,691 loading class com/sun/tools/javac/comp/Lower$5
Event: 16,691 loading class com/sun/tools/javac/comp/Lower$5 done
Event: 17,695 Executing VM operation: ParallelGCFailedAllocation


Dynamic libraries:
00400000-00401000 r-xp 00000000 08:01 1180599                            /home/ubuntu1604/jdk1.8.0_91/bin/java
00600000-00601000 rw-p 00000000 08:01 1180599                            /home/ubuntu1604/jdk1.8.0_91/bin/java
01fce000-01fef000 rw-p 00000000 00:00 0                                  [heap]
c0a00000-c2e00000 rw-p 00000000 00:00 0 
c2e00000-eae00000 ---p 00000000 00:00 0 
eae00000-f8b80000 rw-p 00000000 00:00 0 
f9000000-100000000 ---p 00000000 00:00 0 
100000000-100300000 rw-p 00000000 00:00 0 
100300000-140000000 ---p 00000000 00:00 0 
7f304c000000-7f304c0bd000 rw-p 00000000 00:00 0 
7f304c0bd000-7f3050000000 ---p 00000000 00:00 0 
7f3050000000-7f3050021000 rw-p 00000000 00:00 0 
7f3050021000-7f3054000000 ---p 00000000 00:00 0 
7f3054000000-7f3054021000 rw-p 00000000 00:00 0 
7f3054021000-7f3058000000 ---p 00000000 00:00 0 
7f3058000000-7f3058021000 rw-p 00000000 00:00 0 
7f3058021000-7f305c000000 ---p 00000000 00:00 0 
7f305c000000-7f305c021000 rw-p 00000000 00:00 0 
7f305c021000-7f3060000000 ---p 00000000 00:00 0 
7f3060000000-7f3060717000 rw-p 00000000 00:00 0 
7f3060717000-7f3064000000 ---p 00000000 00:00 0 
7f3065767000-7f3065967000 rw-p 00000000 00:00 0 
7f3065967000-7f30659a5000 r--s 0025d000 08:01 1190122                    /home/ubuntu1604/.m2/repository/xlsx/4/1/4-1.jar
7f30659a5000-7f3065a65000 r--s 004e6000 08:01 1189546                    /home/ubuntu1604/.m2/repository/xlsx/3/1/3-1.jar
7f3065a65000-7f3065a76000 r--s 0012a000 08:01 1188144                    /home/ubuntu1604/.m2/repository/xl/2/1/2-1.jar
7f3065a76000-7f3065aa0000 r--s 00240000 08:01 1189190                    /home/ubuntu1604/.m2/repository/xlsx/1/1/1-1.jar
7f3065aa0000-7f3065aa4000 r--s 0002a000 08:01 1188897                    /home/ubuntu1604/.m2/repository/commons-io/commons-io/2.4/commons-io-2.4.jar
7f3065aa4000-7f3065aaa000 r--s 00048000 08:01 1188895                    /home/ubuntu1604/.m2/repository/org/apache/commons/commons-lang3/3.1/commons-lang3-3.1.jar
7f3065aaa000-7f3065aac000 r--s 00016000 08:01 1188893                    /home/ubuntu1604/.m2/repository/javax/servlet/servlet-api/2.4/servlet-api-2.4.jar
7f3065aac000-7f3065ab3000 r--s 0005c000 08:01 1188891                    /home/ubuntu1604/.m2/repository/jcifs/jcifs/1.3.17/jcifs-1.3.17.jar
7f3065ab3000-7f3065ab5000 r--s 0000e000 08:01 1188889                    /home/ubuntu1604/.m2/repository/javax/activation/activation/1.1/activation-1.1.jar
7f3065ab5000-7f3065abe000 r--s 00086000 08:01 1188887                    /home/ubuntu1604/.m2/repository/com/sun/mail/javax.mail/1.5.4/javax.mail-1.5.4.jar
7f3065abe000-7f3065ac4000 r--s 00033000 08:01 1188886                    /home/ubuntu1604/.m2/repository/commons-codec/commons-codec/1.6/commons-codec-1.6.jar
7f3065ac4000-7f3065acb000 r--s 0003f000 08:01 1188885                    /home/ubuntu1604/.m2/repository/org/apache/httpcomponents/httpcore/4.3.3/httpcore-4.3.3.jar
7f3065acb000-7f3065ad7000 r--s 00085000 08:01 1064568                    /home/ubuntu1604/.m2/repository/org/apache/httpcomponents/httpclient/4.3.6/httpclient-4.3.6.jar
7f3065ad7000-7f3065ae2000 r--s 0008a000 08:01 1188881                    /home/ubuntu1604/.m2/repository/c3p0/c3p0/0.9.1.1/c3p0-0.9.1.1.jar
7f3065ae2000-7f3065aec000 r--s 00098000 08:01 1188878                    /home/ubuntu1604/.m2/repository/org/quartz-scheduler/quartz/2.2.1/quartz-2.2.1.jar
7f3065aec000-7f3065af1000 r--s 00027000 08:01 1188876                    /home/ubuntu1604/.m2/repository/org/springframework/spring-context-support/4.1.7.RELEASE/spring-context-support-4.1.7.RELEASE.jar
7f3065af1000-7f3065afb000 r--s 000e4000 08:01 1188875                    /home/ubuntu1604/.m2/repository/mysql/mysql-connector-java/5.1.36/mysql-connector-java-5.1.36.jar
7f3065afb000-7f3065afd000 r--s 00011000 08:01 1188872                    /home/ubuntu1604/.m2/repository/org/jboss/jandex/1.1.0.Final/jandex-1.1.0.Final.jar
7f3065afd000-7f3065b02000 r--s 00068000 08:01 1188871                    /home/ubuntu1604/.m2/repository/antlr/antlr/2.7.7/antlr-2.7.7.jar
7f3065b02000-7f3065b0c000 r--s 000a5000 08:01 1188869                    /home/ubuntu1604/.m2/repository/org/javassist/javassist/3.18.1-GA/javassist-3.18.1-GA.jar
7f3065b0c000-7f3065b11000 r--s 00017000 08:01 1188867                    /home/ubuntu1604/.m2/repository/org/hibernate/javax/persistence/hibernate-jpa-2.1-api/1.0.0.Final/hibernate-jpa-2.1-api-1.0.0.Final.jar
7f3065b11000-7f3065b14000 r--s 00010000 08:01 1188865                    /home/ubuntu1604/.m2/repository/org/hibernate/common/hibernate-commons-annotations/4.0.5.Final/hibernate-commons-annotations-4.0.5.Final.jar
7f3065b14000-7f3065b19000 r--s 00016000 08:01 1188863                    /home/ubuntu1604/.m2/repository/xml-apis/xml-apis/1.0.b2/xml-apis-1.0.b2.jar
7f3065b19000-7f3065b1e000 r--s 00048000 08:01 1188861                    /home/ubuntu1604/.m2/repository/dom4j/dom4j/1.6.1/dom4j-1.6.1.jar
7f3065b1e000-7f3065b1f000 r--s 00006000 08:01 1188857                    /home/ubuntu1604/.m2/repository/org/jboss/spec/javax/transaction/jboss-transaction-api_1.2_spec/1.0.0.Final/jboss-transaction-api_1.2_spec-1.0.0.Final.jar
7f3065b1f000-7f3065b20000 r--s 00002000 08:01 1188859                    /home/ubuntu1604/.m2/repository/org/jboss/logging/jboss-logging-annotations/1.2.0.Beta1/jboss-logging-annotations-1.2.0.Beta1.jar
7f3065b20000-7f3065b22000 r--s 0000c000 08:01 1188856                    /home/ubuntu1604/.m2/repository/org/jboss/logging/jboss-logging/3.1.3.GA/jboss-logging-3.1.3.GA.jar
7f3065b22000-7f3065b81000 r--s 004ab000 08:01 1188855                    /home/ubuntu1604/.m2/repository/org/hibernate/hibernate-core/4.3.10.Final/hibernate-core-4.3.10.Final.jar
7f3065b81000-7f3065b83000 r--s 0000c000 08:01 1188854                    /home/ubuntu1604/.m2/repository/org/springframework/spring-aspects/4.1.7.RELEASE/spring-aspects-4.1.7.RELEASE.jar
7f3065b83000-7f3065b85000 r--s 00003000 08:01 1064566                    /home/ubuntu1604/.m2/repository/org/slf4j/jcl-over-slf4j/1.7.12/jcl-over-slf4j-1.7.12.jar
7f3065b85000-7f3065b92000 r--s 0006f000 08:01 923579                     /home/ubuntu1604/.m2/repository/org/springframework/data/spring-data-commons/1.9.3.RELEASE/spring-data-commons-1.9.3.RELEASE.jar
7f3065b92000-7f3065b98000 r--s 00032000 08:01 923578                     /home/ubuntu1604/.m2/repository/org/springframework/data/spring-data-jpa/1.7.3.RELEASE/spring-data-jpa-1.7.3.RELEASE.jar
7f3065b98000-7f3065ba0000 r--s 00054000 08:01 1188849                    /home/ubuntu1604/.m2/repository/org/springframework/spring-orm/4.1.7.RELEASE/spring-orm-4.1.7.RELEASE.jar
7f3065ba0000-7f3065ba2000 r--s 00006000 08:01 1188847                    /home/ubuntu1604/.m2/repository/javax/transaction/javax.transaction-api/1.2/javax.transaction-api-1.2.jar
7f3065ba2000-7f3065bb0000 r--s 00091000 08:01 1188845                    /home/ubuntu1604/.m2/repository/org/hibernate/hibernate-entitymanager/4.3.10.Final/hibernate-entitymanager-4.3.10.Final.jar
7f3065bb0000-7f3065bb7000 r--s 00037000 08:01 1188842                    /home/ubuntu1604/.m2/repository/org/springframework/spring-tx/4.1.7.RELEASE/spring-tx-4.1.7.RELEASE.jar
7f3065bb7000-7f3065bb8000 r--s 00009000 08:01 1188839                    /home/ubuntu1604/.m2/repository/org/apache/tomcat/tomcat-juli/8.0.23/tomcat-juli-8.0.23.jar
7f3065bb8000-7f3065bba000 r--s 0001f000 08:01 1188841                    /home/ubuntu1604/.m2/repository/org/apache/tomcat/tomcat-jdbc/8.0.23/tomcat-jdbc-8.0.23.jar
7f3065bba000-7f3065bc4000 r--s 0005f000 08:01 1188840                    /home/ubuntu1604/.m2/repository/org/springframework/spring-jdbc/4.1.7.RELEASE/spring-jdbc-4.1.7.RELEASE.jar
7f3065bc4000-7f3065bc5000 r--s 00000000 08:01 1188835                    /home/ubuntu1604/.m2/repository/org/springframework/boot/spring-boot-starter-jdbc/1.2.5.RELEASE/spring-boot-starter-jdbc-1.2.5.RELEASE.jar
7f3065bc5000-7f3065bde000 r--s 001ae000 08:01 1188834                    /home/ubuntu1604/.m2/repository/org/aspectj/aspectjweaver/1.8.6/aspectjweaver-1.8.6.jar
7f3065bde000-7f3065be2000 r--s 00019000 08:01 1188832                    /home/ubuntu1604/.m2/repository/org/aspectj/aspectjrt/1.8.6/aspectjrt-1.8.6.jar
7f3065be2000-7f3065be3000 r--s 00000000 08:01 1188831                    /home/ubuntu1604/.m2/repository/org/springframework/boot/spring-boot-starter-aop/1.2.5.RELEASE/spring-boot-starter-aop-1.2.5.RELEASE.jar
7f3065be3000-7f3065be4000 r--s 00000000 08:01 1188829                    /home/ubuntu1604/.m2/repository/org/springframework/boot/spring-boot-starter-data-jpa/1.2.5.RELEASE/spring-boot-starter-data-jpa-1.2.5.RELEASE.jar
7f3065be4000-7f3065be5000 r--s 00007000 08:01 1064563                    /home/ubuntu1604/.m2/repository/org/slf4j/slf4j-api/1.7.12/slf4j-api-1.7.12.jar
7f3065be5000-7f3065be8000 r--s 00020000 08:01 1188826                    /home/ubuntu1604/.m2/repository/org/unbescape/unbescape/1.1.0.RELEASE/unbescape-1.1.0.RELEASE.jar
7f3065be8000-7f3065beb000 r--s 00035000 08:01 1188825                    /home/ubuntu1604/.m2/repository/ognl/ognl/3.0.8/ognl-3.0.8.jar
7f3065beb000-7f3065bf8000 r--s 000b7000 08:01 1188821                    /home/ubuntu1604/.m2/repository/org/thymeleaf/thymeleaf/2.1.4.RELEASE/thymeleaf-2.1.4.RELEASE.jar
7f3065bf8000-7f3065bf9000 r--s 00007000 08:01 1188820                    /home/ubuntu1604/.m2/repository/org/thymeleaf/extras/thymeleaf-extras-springsecurity3/2.1.2.RELEASE/thymeleaf-extras-springsecurity3-2.1.2.RELEASE.jar
7f3065bf9000-7f3065c02000 r--s 0004f000 08:01 1064561                    /home/ubuntu1604/.m2/repository/org/springframework/spring-aop/4.1.7.RELEASE/spring-aop-4.1.7.RELEASE.jar
7f3065c02000-7f3065c0c000 r--s 0004b000 08:01 1188819                    /home/ubuntu1604/.m2/repository/org/springframework/security/spring-security-web/3.2.7.RELEASE/spring-security-web-3.2.7.RELEASE.jar
7f3065c0c000-7f3065c17000 r--s 0004f000 08:01 1188818                    /home/ubuntu1604/.m2/repository/org/springframework/security/spring-security-core/3.2.7.RELEASE/spring-security-core-3.2.7.RELEASE.jar
7f3065c17000-7f3065c19000 r--s 00000000 08:01 1064555                    /home/ubuntu1604/.m2/repository/aopalliance/aopalliance/1.0/aopalliance-1.0.jar
7f3065c19000-7f3065c20000 r--s 0005d000 08:01 1064556                    /home/ubuntu1604/.m2/repository/org/springframework/security/spring-security-config/3.2.7.RELEASE/spring-security-config-3.2.7.RELEASE.jar
7f3065c20000-7f3065c25000 r--s 0003b000 08:01 1064554                    /home/ubuntu1604/.m2/repository/org/springframework/spring-expression/4.1.7.RELEASE/spring-expression-4.1.7.RELEASE.jar
7f3065c25000-7f3065c3d000 r--s 000e3000 08:01 1064552                    /home/ubuntu1604/.m2/repository/org/springframework/spring-context/4.1.7.RELEASE/spring-context-4.1.7.RELEASE.jar
7f3065c3d000-7f3065c4a000 r--s 000a1000 08:01 1064553                    /home/ubuntu1604/.m2/repository/org/springframework/spring-beans/4.1.7.RELEASE/spring-beans-4.1.7.RELEASE.jar
7f3065c4a000-7f3065c4b000 r--s 00000000 08:01 1188814                    /home/ubuntu1604/.m2/repository/org/springframework/boot/spring-boot-starter-security/1.2.5.RELEASE/spring-boot-starter-security-1.2.5.RELEASE.jar
7f3065c4b000-7f3065c4d000 r--s 00005000 08:01 1188813                    /home/ubuntu1604/.m2/repository/nz/net/ultraq/thymeleaf/thymeleaf-layout-dialect/1.2.9/thymeleaf-layout-dialect-1.2.9.jar
7f3065c4d000-7f3065c50000 r--s 00034000 08:01 1188809                    /home/ubuntu1604/.m2/repository/org/thymeleaf/thymeleaf-spring4/2.1.4.RELEASE/thymeleaf-spring4-2.1.4.RELEASE.jar
7f3065c50000-7f3065c51000 r--s 00000000 08:01 1188807                    /home/ubuntu1604/.m2/repository/org/springframework/boot/spring-boot-starter-thymeleaf/1.2.5.RELEASE/spring-boot-starter-thymeleaf-1.2.5.RELEASE.jar
7f3065c51000-7f3065c59000 r--s 0003b000 08:01 1188804                    /home/ubuntu1604/.m2/repository/org/springframework/boot/spring-boot-actuator/1.2.5.RELEASE/spring-boot-actuator-1.2.5.RELEASE.jar
7f3065c59000-7f3065c5a000 r--s 00000000 08:01 1188805                    /home/ubuntu1604/.m2/repository/org/springframework/boot/spring-boot-starter-actuator/1.2.5.RELEASE/spring-boot-starter-actuator-1.2.5.RELEASE.jar
7f3065c5a000-7f3065c60000 r--s 00036000 08:01 1188789                    /home/ubuntu1604/.m2/repository/org/apache/tomcat/embed/tomcat-embed-websocket/8.0.23/tomcat-embed-websocket-8.0.23.jar
7f3065c60000-7f3065c61000 r--s 00009000 08:01 1188787                    /home/ubuntu1604/.m2/repository/org/apache/tomcat/embed/tomcat-embed-logging-juli/8.0.23/tomcat-embed-logging-juli-8.0.23.jar
7f3065c61000-7f3065c66000 r--s 00036000 08:01 1188784                    /home/ubuntu1604/.m2/repository/org/apache/tomcat/embed/tomcat-embed-el/8.0.23/tomcat-embed-el-8.0.23.jar
7f3065c66000-7f3065c8b000 r--s 00288000 08:01 1064548                    /home/ubuntu1604/.m2/repository/org/apache/tomcat/embed/tomcat-embed-core/8.0.23/tomcat-embed-core-8.0.23.jar
7f3065c8b000-7f3065c8c000 r--s 00000000 08:01 1064547                    /home/ubuntu1604/.m2/repository/org/springframework/boot/spring-boot-starter-tomcat/1.2.5.RELEASE/spring-boot-starter-tomcat-1.2.5.RELEASE.jar
7f3065c8c000-7f3065c9c000 r--s 000b0000 08:01 1188780                    /home/ubuntu1604/.m2/repository/org/springframework/spring-webmvc/4.1.7.RELEASE/spring-webmvc-4.1.7.RELEASE.jar
7f3065c9c000-7f3065cac000 r--s 000a1000 08:01 1188781                    /home/ubuntu1604/.m2/repository/org/springframework/spring-web/4.1.7.RELEASE/spring-web-4.1.7.RELEASE.jar
7f3065cac000-7f3065cc1000 r--s 000e2000 08:01 1064546                    /home/ubuntu1604/.m2/repository/org/springframework/spring-core/4.1.7.RELEASE/spring-core-4.1.7.RELEASE.jar
7f3065cc1000-7f3065cc3000 r--s 0000d000 08:01 1188779                    /home/ubuntu1604/.m2/repository/com/fasterxml/classmate/1.0.0/classmate-1.0.0.jar
7f3065cc3000-7f3065cc7000 r--s 0000c000 08:01 1188774                    /home/ubuntu1604/.m2/repository/javax/validation/validation-api/1.1.0.Final/validation-api-1.1.0.Final.jar
7f3065cc7000-7f3065cd5000 r--s 0008d000 08:01 1188775                    /home/ubuntu1604/.m2/repository/org/hibernate/hibernate-validator/5.1.3.Final/hibernate-validator-5.1.3.Final.jar
7f3065cd5000-7f3065cd9000 r--s 00034000 08:01 1188773                    /home/ubuntu1604/.m2/repository/com/fasterxml/jackson/core/jackson-core/2.4.6/jackson-core-2.4.6.jar
7f3065cd9000-7f3065cea000 r--s 000f7000 08:01 1188770                    /home/ubuntu1604/.m2/repository/com/fasterxml/jackson/core/jackson-databind/2.4.6/jackson-databind-2.4.6.jar
7f3065cea000-7f3065cf1000 r--s 0003d000 08:01 1064541                    /home/ubuntu1604/.m2/repository/org/yaml/snakeyaml/1.14/snakeyaml-1.14.jar
7f3065cf1000-7f3065cfc000 r--s 00065000 08:01 1064540                    /home/ubuntu1604/.m2/repository/ch/qos/logback/logback-core/1.1.3/logback-core-1.1.3.jar
7f3065cfc000-7f3065d02000 r--s 0003f000 08:01 1064535                    /home/ubuntu1604/.m2/repository/ch/qos/logback/logback-classic/1.1.3/logback-classic-1.1.3.jar
7f3065d02000-7f3065d12000 r--s 0006b000 08:01 1064533                    /home/ubuntu1604/.m2/repository/org/springframework/boot/spring-boot-autoconfigure/1.2.5.RELEASE/spring-boot-autoconfigure-1.2.5.RELEASE.jar
7f3065d12000-7f3065f12000 rw-p 00000000 00:00 0 
7f3065f12000-7f3065f8b000 r--s 010e3000 08:01 1062466                    /home/ubuntu1604/jdk1.8.0_91/lib/tools.jar
7f3065f8b000-7f3065f8e000 ---p 00000000 00:00 0 
7f3065f8e000-7f306608c000 rw-p 00000000 00:00 0 
7f306608c000-7f306608f000 r--s 00007000 08:01 1188771                    /home/ubuntu1604/.m2/repository/com/fasterxml/jackson/core/jackson-annotations/2.4.6/jackson-annotations-2.4.6.jar
7f306608f000-7f3066090000 r--s 00005000 08:01 1064536                    /home/ubuntu1604/.m2/repository/org/slf4j/log4j-over-slf4j/1.7.12/log4j-over-slf4j-1.7.12.jar
7f3066090000-7f3066092000 r--s 00000000 08:01 1064537                    /home/ubuntu1604/.m2/repository/org/slf4j/jul-to-slf4j/1.7.12/jul-to-slf4j-1.7.12.jar
7f3066092000-7f3066093000 r--s 00000000 08:01 1064532                    /home/ubuntu1604/.m2/repository/org/springframework/boot/spring-boot-starter-logging/1.2.5.RELEASE/spring-boot-starter-logging-1.2.5.RELEASE.jar
7f3066093000-7f306609e000 r--s 0005f000 08:01 923574                     /home/ubuntu1604/.m2/repository/org/springframework/boot/spring-boot/1.2.5.RELEASE/spring-boot-1.2.5.RELEASE.jar
7f306609e000-7f306609f000 r--s 00000000 08:01 923573                     /home/ubuntu1604/.m2/repository/org/springframework/boot/spring-boot-starter/1.2.5.RELEASE/spring-boot-starter-1.2.5.RELEASE.jar
7f306609f000-7f30660a0000 r--s 00000000 08:01 923572                     /home/ubuntu1604/.m2/repository/org/springframework/boot/spring-boot-starter-web/1.2.5.RELEASE/spring-boot-starter-web-1.2.5.RELEASE.jar
7f30660a0000-7f30662a0000 rw-p 00000000 00:00 0 
7f30662a0000-7f30662a3000 r--s 0001b000 08:01 1189540                    /home/ubuntu1604/.m2/repository/junit/junit/3.8.2/junit-3.8.2.jar
7f30662a3000-7f30662b1000 r--s 0008f000 08:01 1189539                    /home/ubuntu1604/.m2/repository/com/google/collections/google-collections/1.0/google-collections-1.0.jar
7f30662b1000-7f30662b2000 r--s 0000a000 08:01 1189538                    /home/ubuntu1604/.m2/repository/commons-logging/commons-logging-api/1.1/commons-logging-api-1.1.jar
7f30662b2000-7f30662b9000 r--s 00051000 08:01 1189537                    /home/ubuntu1604/.m2/repository/log4j/log4j/1.2.12/log4j-1.2.12.jar
7f30662b9000-7f30662bd000 r--s 0001d000 08:01 1189531                    /home/ubuntu1604/.m2/repository/org/apache/xbean/xbean-reflect/3.4/xbean-reflect-3.4.jar
7f30662bd000-7f30662be000 r--s 00004000 08:01 1189530                    /home/ubuntu1604/.m2/repository/org/codehaus/plexus/plexus-compiler-javac/2.2/plexus-compiler-javac-2.2.jar
7f30662be000-7f30662c0000 r--s 00000000 08:01 1189529                    /home/ubuntu1604/.m2/repository/org/codehaus/plexus/plexus-compiler-manager/2.2/plexus-compiler-manager-2.2.jar
7f30662c0000-7f30662c2000 r--s 00005000 08:01 1189528                    /home/ubuntu1604/.m2/repository/org/codehaus/plexus/plexus-compiler-api/2.2/plexus-compiler-api-2.2.jar
7f30662c2000-7f30662c4000 r--s 00000000 08:01 1189523                    /home/ubuntu1604/.m2/repository/org/codehaus/plexus/plexus-component-annotations/1.5.5/plexus-component-annotations-1.5.5.jar
7f30662c4000-7f30662c6000 r--s 00002000 08:01 1189522                    /home/ubuntu1604/.m2/repository/org/apache/maven/shared/maven-shared-incremental/1.1/maven-shared-incremental-1.1.jar
7f30662c6000-7f30662c8000 r--s 00006000 08:01 1189519                    /home/ubuntu1604/.m2/repository/com/google/code/findbugs/jsr305/2.0.1/jsr305-2.0.1.jar
7f30662c8000-7f30662cb000 r--s 00023000 08:01 1189521                    /home/ubuntu1604/.m2/repository/org/apache/maven/shared/maven-shared-utils/0.1/maven-shared-utils-0.1.jar
7f30662cb000-7f30662cf000 r--s 00030000 08:01 1189520                    /home/ubuntu1604/.m2/repository/org/codehaus/plexus/plexus-utils/1.5.1/plexus-utils-1.5.1.jar
7f30662cf000-7f30662d1000 r--s 00009000 08:01 1064329                    /home/ubuntu1604/.m2/repository/org/apache/maven/plugins/maven-compiler-plugin/3.1/maven-compiler-plugin-3.1.jar
7f30662d1000-7f30662d3000 r--s 0000d000 08:01 1189108                    /home/ubuntu1604/.m2/repository/org/codehaus/plexus/plexus-interpolation/1.13/plexus-interpolation-1.13.jar
7f30662d3000-7f30662d5000 r--s 00009000 08:01 1189109                    /home/ubuntu1604/.m2/repository/org/apache/maven/shared/maven-filtering/1.1/maven-filtering-1.1.jar
7f30662d5000-7f30662ec000 r-xp 00000000 08:01 1971436                    /lib/x86_64-linux-gnu/libresolv-2.23.so
7f30662ec000-7f30664ec000 ---p 00017000 08:01 1971436                    /lib/x86_64-linux-gnu/libresolv-2.23.so
7f30664ec000-7f30664ed000 r--p 00017000 08:01 1971436                    /lib/x86_64-linux-gnu/libresolv-2.23.so
7f30664ed000-7f30664ee000 rw-p 00018000 08:01 1971436                    /lib/x86_64-linux-gnu/libresolv-2.23.so
7f30664ee000-7f30664f0000 rw-p 00000000 00:00 0 
7f30664f0000-7f30664f5000 r-xp 00000000 08:01 1971381                    /lib/x86_64-linux-gnu/libnss_dns-2.23.so
7f30664f5000-7f30666f5000 ---p 00005000 08:01 1971381                    /lib/x86_64-linux-gnu/libnss_dns-2.23.so
7f30666f5000-7f30666f6000 r--p 00005000 08:01 1971381                    /lib/x86_64-linux-gnu/libnss_dns-2.23.so
7f30666f6000-7f30666f7000 rw-p 00006000 08:01 1971381                    /lib/x86_64-linux-gnu/libnss_dns-2.23.so
7f30666f7000-7f30666f9000 r-xp 00000000 08:01 1971389                    /lib/x86_64-linux-gnu/libnss_mdns4_minimal.so.2
7f30666f9000-7f30668f8000 ---p 00002000 08:01 1971389                    /lib/x86_64-linux-gnu/libnss_mdns4_minimal.so.2
7f30668f8000-7f30668f9000 r--p 00001000 08:01 1971389                    /lib/x86_64-linux-gnu/libnss_mdns4_minimal.so.2
7f30668f9000-7f30668fa000 rw-p 00002000 08:01 1971389                    /lib/x86_64-linux-gnu/libnss_mdns4_minimal.so.2
7f30668fa000-7f30668fd000 ---p 00000000 00:00 0 
7f30668fd000-7f3066bfb000 rw-p 00000000 00:00 0 
7f3066bfb000-7f3066c11000 r-xp 00000000 08:01 1971322                    /lib/x86_64-linux-gnu/libgcc_s.so.1
7f3066c11000-7f3066e10000 ---p 00016000 08:01 1971322                    /lib/x86_64-linux-gnu/libgcc_s.so.1
7f3066e10000-7f3066e11000 rw-p 00015000 08:01 1971322                    /lib/x86_64-linux-gnu/libgcc_s.so.1
7f3066e11000-7f3066e12000 r--s 00001000 08:01 1064581                    /home/ubuntu1604/.m2/repository/org/sonatype/plexus/plexus-build-api/0.0.4/plexus-build-api-0.0.4.jar
7f3066e12000-7f3066e16000 r--s 00033000 08:01 1189107                    /home/ubuntu1604/.m2/repository/org/codehaus/plexus/plexus-utils/2.0.5/plexus-utils-2.0.5.jar
7f3066e16000-7f3066e19000 r--s 0001b000 08:01 1189101                    /home/ubuntu1604/.m2/repository/junit/junit/3.8.1/junit-3.8.1.jar
7f3066e19000-7f3066e1b000 r--s 00002000 08:01 1189100                    /home/ubuntu1604/.m2/repository/org/codehaus/plexus/plexus-interactivity-api/1.0-alpha-4/plexus-interactivity-api-1.0-alpha-4.jar
7f3066e1b000-7f3066e1d000 r--s 00006000 08:01 1189098                    /home/ubuntu1604/.m2/repository/commons-cli/commons-cli/1.0/commons-cli-1.0.jar
7f3066e1d000-7f3066e1e000 r--s 00001000 08:01 1189099                    /home/ubuntu1604/.m2/repository/org/apache/maven/doxia/doxia-sink-api/1.0-alpha-7/doxia-sink-api-1.0-alpha-7.jar
7f3066e1e000-7f3066e1f000 r--s 00002000 08:01 1189097                    /home/ubuntu1604/.m2/repository/org/apache/maven/reporting/maven-reporting-api/2.0.6/maven-reporting-api-2.0.6.jar
7f3066e1f000-7f3066e21000 r--s 00006000 08:01 1064337                    /home/ubuntu1604/.m2/repository/org/apache/maven/plugins/maven-resources-plugin/2.6/maven-resources-plugin-2.6.jar
7f3066e21000-7f3066e25000 r--s 00034000 08:01 1064321                    /home/ubuntu1604/.m2/repository/org/codehaus/plexus/plexus-utils/3.0/plexus-utils-3.0.jar
7f3066e25000-7f3066e27000 r--s 00005000 08:01 1064275                    /home/ubuntu1604/.m2/repository/org/apache/maven/plugins/maven-clean-plugin/2.5/maven-clean-plugin-2.5.jar
7f3066e27000-7f3066e59000 r-xp 00000000 08:01 1180393                    /home/ubuntu1604/jdk1.8.0_91/jre/lib/amd64/libsunec.so
7f3066e59000-7f3067058000 ---p 00032000 08:01 1180393                    /home/ubuntu1604/jdk1.8.0_91/jre/lib/amd64/libsunec.so
7f3067058000-7f306705e000 rw-p 00031000 08:01 1180393                    /home/ubuntu1604/jdk1.8.0_91/jre/lib/amd64/libsunec.so
7f306705e000-7f306706e000 rw-p 00000000 00:00 0 
7f306706e000-7f306706f000 r--s 00009000 08:01 1180461                    /home/ubuntu1604/jdk1.8.0_91/jre/lib/ext/sunec.jar
7f306706f000-7f3067072000 r--s 0001a000 08:01 1062461                    /home/ubuntu1604/jdk1.8.0_91/jre/lib/jce.jar
7f3067072000-7f3067272000 rw-p 00000000 00:00 0 
7f3067272000-7f3067283000 r-xp 00000000 08:01 1180435                    /home/ubuntu1604/jdk1.8.0_91/jre/lib/amd64/libnio.so
7f3067283000-7f3067482000 ---p 00011000 08:01 1180435                    /home/ubuntu1604/jdk1.8.0_91/jre/lib/amd64/libnio.so
7f3067482000-7f3067483000 rw-p 00010000 08:01 1180435                    /home/ubuntu1604/jdk1.8.0_91/jre/lib/amd64/libnio.so
7f3067483000-7f3067784000 rw-p 00000000 00:00 0 
7f3067784000-7f306779a000 r-xp 00000000 08:01 1180436                    /home/ubuntu1604/jdk1.8.0_91/jre/lib/amd64/libnet.so
7f306779a000-7f306799a000 ---p 00016000 08:01 1180436                    /home/ubuntu1604/jdk1.8.0_91/jre/lib/amd64/libnet.so
7f306799a000-7f306799b000 rw-p 00016000 08:01 1180436                    /home/ubuntu1604/jdk1.8.0_91/jre/lib/amd64/libnet.so
7f306799b000-7f3067b9b000 rw-p 00000000 00:00 0 
7f3067b9b000-7f3067b9e000 ---p 00000000 00:00 0 
7f3067b9e000-7f3067bd4000 rw-p 00000000 00:00 0 
7f3067bd4000-7f3067bd5000 r--p 00000000 00:00 0 
7f3067bd5000-7f3067bd9000 r--s 00097000 08:01 1062456                    /home/ubuntu1604/jdk1.8.0_91/jre/lib/jsse.jar
7f3067bd9000-7f3067dd9000 rw-p 00000000 00:00 0 
7f3067dd9000-7f3067ddb000 r--s 0000c000 08:01 1184866                    /home/ubuntu1604/netbeans-8.1/java/maven-nblib/netbeans-eventspy.jar
7f3067ddb000-7f3067dde000 r--s 00008000 08:01 1184743                    /home/ubuntu1604/netbeans-8.1/java/maven/lib/maven-settings-builder-3.0.5.jar
7f3067dde000-7f3067de0000 r--s 0000d000 08:01 1184800                    /home/ubuntu1604/netbeans-8.1/java/maven/lib/plexus-interpolation-1.14.jar
7f3067de0000-7f3067de1000 r--s 00002000 08:01 1184889                    /home/ubuntu1604/netbeans-8.1/java/maven/lib/wagon-file-2.4.jar
7f3067de1000-7f3067de6000 r--s 00020000 08:01 1184796                    /home/ubuntu1604/netbeans-8.1/java/maven/lib/maven-model-builder-3.0.5.jar
7f3067de6000-7f3067de8000 r--s 0000a000 08:01 1184859                    /home/ubuntu1604/netbeans-8.1/java/maven/lib/maven-settings-3.0.5.jar
7f3067de8000-7f3067deb000 r--s 00033000 08:01 1184870                    /home/ubuntu1604/netbeans-8.1/java/maven/lib/plexus-utils-2.0.6.jar
7f3067deb000-7f3067ded000 r--s 00006000 08:01 1184648                    /home/ubuntu1604/netbeans-8.1/java/maven/lib/maven-repository-metadata-3.0.5.jar
7f3067ded000-7f3067df0000 r--s 0001d000 08:01 1184872                    /home/ubuntu1604/netbeans-8.1/java/maven/lib/aether-impl-1.13.1.jar
7f3067df0000-7f3067df2000 r--s 0000a000 08:01 1184843                    /home/ubuntu1604/netbeans-8.1/java/maven/lib/maven-plugin-api-3.0.5.jar
7f3067df2000-7f3067df4000 r--s 00000000 08:01 1184527                    /home/ubuntu1604/netbeans-8.1/java/maven/lib/plexus-component-annotations-1.5.5.jar
7f3067df4000-7f3067df6000 r--s 0000c000 08:01 1184761                    /home/ubuntu1604/netbeans-8.1/java/maven/lib/maven-aether-provider-3.0.5.jar
7f3067df6000-7f3067dfc000 r--s 0002b000 08:01 1184819                    /home/ubuntu1604/netbeans-8.1/java/maven/lib/sisu-inject-plexus-2.3.0.jar
7f3067dfc000-7f3067dfe000 r--s 00002000 08:01 1184877                    /home/ubuntu1604/netbeans-8.1/java/maven/lib/plexus-cipher-1.7.jar
7f3067dfe000-7f3067dff000 ---p 00000000 00:00 0 
7f3067dff000-7f3067eff000 rw-p 00000000 00:00 0 
7f3067eff000-7f3067f02000 ---p 00000000 00:00 0 
7f3067f02000-7f3068000000 rw-p 00000000 00:00 0 
7f3068000000-7f3068021000 rw-p 00000000 00:00 0 
7f3068021000-7f306c000000 ---p 00000000 00:00 0 
7f306c000000-7f306dc65000 rw-p 00000000 00:00 0 
7f306dc65000-7f3070000000 ---p 00000000 00:00 0 
7f3070000000-7f3070021000 rw-p 00000000 00:00 0 
7f3070021000-7f3074000000 ---p 00000000 00:00 0 
7f3074000000-7f3074021000 rw-p 00000000 00:00 0 
7f3074021000-7f3078000000 ---p 00000000 00:00 0 
7f3078000000-7f3078021000 rw-p 00000000 00:00 0 
7f3078021000-7f307c000000 ---p 00000000 00:00 0 
7f307c000000-7f307c28c000 rw-p 00000000 00:00 0 
7f307c28c000-7f3080000000 ---p 00000000 00:00 0 
7f3080000000-7f3080021000 rw-p 00000000 00:00 0 
7f3080021000-7f3084000000 ---p 00000000 00:00 0 
7f3084000000-7f3084001000 r--s 00006000 08:01 1184797                    /home/ubuntu1604/netbeans-8.1/java/maven/lib/plexus-sec-dispatcher-1.3.jar
7f3084001000-7f3084002000 r--s 00003000 08:01 1184878                    /home/ubuntu1604/netbeans-8.1/java/maven/lib/aether-spi-1.13.1.jar
7f3084002000-7f3084006000 r--s 00012000 08:01 1184879                    /home/ubuntu1604/netbeans-8.1/java/maven/lib/aether-api-1.13.1.jar
7f3084006000-7f3084008000 r--s 0000b000 08:01 1184858                    /home/ubuntu1604/netbeans-8.1/java/maven/lib/maven-artifact-3.0.5.jar
7f3084008000-7f3084010000 r--s 0004e000 08:01 1184832                    /home/ubuntu1604/netbeans-8.1/java/maven/lib/sisu-guice-3.1.0-no_aop.jar
7f3084010000-7f3084012000 r--s 00006000 08:01 1184714                    /home/ubuntu1604/netbeans-8.1/java/maven/lib/aether-connector-wagon-1.13.1.jar
7f3084012000-7f3084014000 r--s 0000b000 08:01 1184844                    /home/ubuntu1604/netbeans-8.1/java/maven/lib/wagon-provider-api-2.4.jar
7f3084014000-7f3084032000 r--s 0014f000 08:01 1184885                    /home/ubuntu1604/netbeans-8.1/java/maven/lib/sisu-guava-0.9.9.jar
7f3084032000-7f308403e000 r--s 0007b000 08:01 1184884                    /home/ubuntu1604/netbeans-8.1/java/maven/lib/maven-core-3.0.5.jar
7f308403e000-7f3084059000 r--s 000e0000 08:01 1184852                    /home/ubuntu1604/netbeans-8.1/java/maven/lib/wagon-http-2.4-shaded.jar
7f3084059000-7f3084087000 r--s 001c2000 08:01 1184799                    /home/ubuntu1604/netbeans-8.1/java/maven/lib/ext/wagon-http-2.8-shaded.jar
7f3084087000-7f308408a000 ---p 00000000 00:00 0 
7f308408a000-7f3084188000 rw-p 00000000 00:00 0 
7f3084188000-7f308418b000 ---p 00000000 00:00 0 
7f308418b000-7f3084289000 rw-p 00000000 00:00 0 
7f3084289000-7f308428c000 ---p 00000000 00:00 0 
7f308428c000-7f308438a000 rw-p 00000000 00:00 0 
7f308438a000-7f3084e7a000 r--p 00000000 08:01 1712843                    /usr/lib/locale/locale-archive
7f3084e7a000-7f3084e7d000 ---p 00000000 00:00 0 
7f3084e7d000-7f3084f7b000 rw-p 00000000 00:00 0 
7f3084f7b000-7f3084f7e000 ---p 00000000 00:00 0 
7f3084f7e000-7f308507c000 rw-p 00000000 00:00 0 
7f308507c000-7f308507d000 ---p 00000000 00:00 0 
7f308507d000-7f3085af6000 rw-p 00000000 00:00 0 
7f3085af6000-7f3085ccf000 r--s 03d1f000 08:01 1062462                    /home/ubuntu1604/jdk1.8.0_91/jre/lib/rt.jar
7f3085ccf000-7f30886f0000 rw-p 00000000 00:00 0 
7f30886f0000-7f30886f1000 ---p 00000000 00:00 0 
7f30886f1000-7f30887f1000 rw-p 00000000 00:00 0 
7f30887f1000-7f30887f2000 ---p 00000000 00:00 0 
7f30887f2000-7f3088904000 rw-p 00000000 00:00 0 
7f3088904000-7f3088a44000 ---p 00000000 00:00 0 
7f3088a44000-7f3088a56000 rw-p 00000000 00:00 0 
7f3088a56000-7f3088b96000 ---p 00000000 00:00 0 
7f3088b96000-7f3088c05000 rw-p 00000000 00:00 0 
7f3088c05000-7f3088c3f000 ---p 00000000 00:00 0 
7f3088c3f000-7f3088c7a000 rw-p 00000000 00:00 0 
7f3088c7a000-7f3089000000 ---p 00000000 00:00 0 
7f3089000000-7f3089e70000 rwxp 00000000 00:00 0 
7f3089e70000-7f3098000000 ---p 00000000 00:00 0 
7f3098000000-7f3098ec7000 rw-p 00000000 00:00 0 
7f3098ec7000-7f309c000000 ---p 00000000 00:00 0 
7f309c000000-7f309c004000 r--s 0001c000 08:01 1184873                    /home/ubuntu1604/netbeans-8.1/java/maven/lib/aether-util-1.13.1.jar
7f309c004000-7f309c01e000 r-xp 00000000 08:01 1180434                    /home/ubuntu1604/jdk1.8.0_91/jre/lib/amd64/libzip.so
7f309c01e000-7f309c21e000 ---p 0001a000 08:01 1180434                    /home/ubuntu1604/jdk1.8.0_91/jre/lib/amd64/libzip.so
7f309c21e000-7f309c21f000 rw-p 0001a000 08:01 1180434                    /home/ubuntu1604/jdk1.8.0_91/jre/lib/amd64/libzip.so
7f309c21f000-7f309c22a000 r-xp 00000000 08:01 1971383                    /lib/x86_64-linux-gnu/libnss_files-2.23.so
7f309c22a000-7f309c429000 ---p 0000b000 08:01 1971383                    /lib/x86_64-linux-gnu/libnss_files-2.23.so
7f309c429000-7f309c42a000 r--p 0000a000 08:01 1971383                    /lib/x86_64-linux-gnu/libnss_files-2.23.so
7f309c42a000-7f309c42b000 rw-p 0000b000 08:01 1971383                    /lib/x86_64-linux-gnu/libnss_files-2.23.so
7f309c42b000-7f309c431000 rw-p 00000000 00:00 0 
7f309c431000-7f309c43c000 r-xp 00000000 08:01 1971393                    /lib/x86_64-linux-gnu/libnss_nis-2.23.so
7f309c43c000-7f309c63b000 ---p 0000b000 08:01 1971393                    /lib/x86_64-linux-gnu/libnss_nis-2.23.so
7f309c63b000-7f309c63c000 r--p 0000a000 08:01 1971393                    /lib/x86_64-linux-gnu/libnss_nis-2.23.so
7f309c63c000-7f309c63d000 rw-p 0000b000 08:01 1971393                    /lib/x86_64-linux-gnu/libnss_nis-2.23.so
7f309c63d000-7f309c653000 r-xp 00000000 08:01 1971377                    /lib/x86_64-linux-gnu/libnsl-2.23.so
7f309c653000-7f309c852000 ---p 00016000 08:01 1971377                    /lib/x86_64-linux-gnu/libnsl-2.23.so
7f309c852000-7f309c853000 r--p 00015000 08:01 1971377                    /lib/x86_64-linux-gnu/libnsl-2.23.so
7f309c853000-7f309c854000 rw-p 00016000 08:01 1971377                    /lib/x86_64-linux-gnu/libnsl-2.23.so
7f309c854000-7f309c856000 rw-p 00000000 00:00 0 
7f309c856000-7f309c85e000 r-xp 00000000 08:01 1971379                    /lib/x86_64-linux-gnu/libnss_compat-2.23.so
7f309c85e000-7f309ca5d000 ---p 00008000 08:01 1971379                    /lib/x86_64-linux-gnu/libnss_compat-2.23.so
7f309ca5d000-7f309ca5e000 r--p 00007000 08:01 1971379                    /lib/x86_64-linux-gnu/libnss_compat-2.23.so
7f309ca5e000-7f309ca5f000 rw-p 00008000 08:01 1971379                    /lib/x86_64-linux-gnu/libnss_compat-2.23.so
7f309ca5f000-7f309ca89000 r-xp 00000000 08:01 1180410                    /home/ubuntu1604/jdk1.8.0_91/jre/lib/amd64/libjava.so
7f309ca89000-7f309cc89000 ---p 0002a000 08:01 1180410                    /home/ubuntu1604/jdk1.8.0_91/jre/lib/amd64/libjava.so
7f309cc89000-7f309cc8b000 rw-p 0002a000 08:01 1180410                    /home/ubuntu1604/jdk1.8.0_91/jre/lib/amd64/libjava.so
7f309cc8b000-7f309cc98000 r-xp 00000000 08:01 1180379                    /home/ubuntu1604/jdk1.8.0_91/jre/lib/amd64/libverify.so
7f309cc98000-7f309ce98000 ---p 0000d000 08:01 1180379                    /home/ubuntu1604/jdk1.8.0_91/jre/lib/amd64/libverify.so
7f309ce98000-7f309ce9a000 rw-p 0000d000 08:01 1180379                    /home/ubuntu1604/jdk1.8.0_91/jre/lib/amd64/libverify.so
7f309ce9a000-7f309cea1000 r-xp 00000000 08:01 1971438                    /lib/x86_64-linux-gnu/librt-2.23.so
7f309cea1000-7f309d0a0000 ---p 00007000 08:01 1971438                    /lib/x86_64-linux-gnu/librt-2.23.so
7f309d0a0000-7f309d0a1000 r--p 00006000 08:01 1971438                    /lib/x86_64-linux-gnu/librt-2.23.so
7f309d0a1000-7f309d0a2000 rw-p 00007000 08:01 1971438                    /lib/x86_64-linux-gnu/librt-2.23.so
7f309d0a2000-7f309d1aa000 r-xp 00000000 08:01 1971354                    /lib/x86_64-linux-gnu/libm-2.23.so
7f309d1aa000-7f309d3a9000 ---p 00108000 08:01 1971354                    /lib/x86_64-linux-gnu/libm-2.23.so
7f309d3a9000-7f309d3aa000 r--p 00107000 08:01 1971354                    /lib/x86_64-linux-gnu/libm-2.23.so
7f309d3aa000-7f309d3ab000 rw-p 00108000 08:01 1971354                    /lib/x86_64-linux-gnu/libm-2.23.so
7f309d3ab000-7f309e06b000 r-xp 00000000 08:01 1180306                    /home/ubuntu1604/jdk1.8.0_91/jre/lib/amd64/server/libjvm.so
7f309e06b000-7f309e26b000 ---p 00cc0000 08:01 1180306                    /home/ubuntu1604/jdk1.8.0_91/jre/lib/amd64/server/libjvm.so
7f309e26b000-7f309e343000 rw-p 00cc0000 08:01 1180306                    /home/ubuntu1604/jdk1.8.0_91/jre/lib/amd64/server/libjvm.so
7f309e343000-7f309e38e000 rw-p 00000000 00:00 0 
7f309e38e000-7f309e54e000 r-xp 00000000 08:01 1971284                    /lib/x86_64-linux-gnu/libc-2.23.so
7f309e54e000-7f309e74d000 ---p 001c0000 08:01 1971284                    /lib/x86_64-linux-gnu/libc-2.23.so
7f309e74d000-7f309e751000 r--p 001bf000 08:01 1971284                    /lib/x86_64-linux-gnu/libc-2.23.so
7f309e751000-7f309e753000 rw-p 001c3000 08:01 1971284                    /lib/x86_64-linux-gnu/libc-2.23.so
7f309e753000-7f309e757000 rw-p 00000000 00:00 0 
7f309e757000-7f309e75a000 r-xp 00000000 08:01 1971308                    /lib/x86_64-linux-gnu/libdl-2.23.so
7f309e75a000-7f309e959000 ---p 00003000 08:01 1971308                    /lib/x86_64-linux-gnu/libdl-2.23.so
7f309e959000-7f309e95a000 r--p 00002000 08:01 1971308                    /lib/x86_64-linux-gnu/libdl-2.23.so
7f309e95a000-7f309e95b000 rw-p 00003000 08:01 1971308                    /lib/x86_64-linux-gnu/libdl-2.23.so
7f309e95b000-7f309e970000 r-xp 00000000 08:01 1180442                    /home/ubuntu1604/jdk1.8.0_91/lib/amd64/jli/libjli.so
7f309e970000-7f309eb70000 ---p 00015000 08:01 1180442                    /home/ubuntu1604/jdk1.8.0_91/lib/amd64/jli/libjli.so
7f309eb70000-7f309eb71000 rw-p 00015000 08:01 1180442                    /home/ubuntu1604/jdk1.8.0_91/lib/amd64/jli/libjli.so
7f309eb71000-7f309eb89000 r-xp 00000000 08:01 1971430                    /lib/x86_64-linux-gnu/libpthread-2.23.so
7f309eb89000-7f309ed88000 ---p 00018000 08:01 1971430                    /lib/x86_64-linux-gnu/libpthread-2.23.so
7f309ed88000-7f309ed89000 r--p 00017000 08:01 1971430                    /lib/x86_64-linux-gnu/libpthread-2.23.so
7f309ed89000-7f309ed8a000 rw-p 00018000 08:01 1971430                    /lib/x86_64-linux-gnu/libpthread-2.23.so
7f309ed8a000-7f309ed8e000 rw-p 00000000 00:00 0 
7f309ed8e000-7f309edb4000 r-xp 00000000 08:01 1971256                    /lib/x86_64-linux-gnu/ld-2.23.so
7f309edb4000-7f309edb6000 r--s 00009000 08:01 1184857                    /home/ubuntu1604/netbeans-8.1/java/maven/lib/maven-embedder-3.0.5.jar
7f309edb6000-7f309edb7000 r--s 00009000 08:01 1184887                    /home/ubuntu1604/netbeans-8.1/java/maven/lib/commons-cli-1.2.jar
7f309edb7000-7f309edbd000 r--s 0003e000 08:01 1184871                    /home/ubuntu1604/netbeans-8.1/java/maven/lib/maven-compat-3.0.5.jar
7f309edbd000-7f309ee96000 rw-p 00000000 00:00 0 
7f309ee96000-7f309ee99000 ---p 00000000 00:00 0 
7f309ee99000-7f309ef9b000 rw-p 00000000 00:00 0 
7f309ef9b000-7f309ef9e000 r--s 00025000 08:01 1184876                    /home/ubuntu1604/netbeans-8.1/java/maven/lib/maven-model-3.0.5.jar
7f309ef9e000-7f309efa5000 r--s 0003e000 08:01 1184842                    /home/ubuntu1604/netbeans-8.1/java/maven/lib/sisu-inject-bean-2.3.0.jar
7f309efa5000-7f309efa7000 r--s 0000a000 08:01 1184831                    /home/ubuntu1604/netbeans-8.1/java/maven/boot/plexus-classworlds-2.4.jar
7f309efa7000-7f309efaf000 rw-s 00000000 08:01 1862349                    /tmp/hsperfdata_ubuntu1604/6034
7f309efaf000-7f309efb0000 rw-p 00000000 00:00 0 
7f309efb0000-7f309efb1000 ---p 00000000 00:00 0 
7f309efb1000-7f309efb3000 rw-p 00000000 00:00 0 
7f309efb3000-7f309efb4000 r--p 00025000 08:01 1971256                    /lib/x86_64-linux-gnu/ld-2.23.so
7f309efb4000-7f309efb5000 rw-p 00026000 08:01 1971256                    /lib/x86_64-linux-gnu/ld-2.23.so
7f309efb5000-7f309efb6000 rw-p 00000000 00:00 0 
7fffdc583000-7fffdc5a4000 rw-p 00000000 00:00 0                          [stack]
7fffdc5af000-7fffdc5b1000 r--p 00000000 00:00 0                          [vvar]
7fffdc5b1000-7fffdc5b3000 r-xp 00000000 00:00 0                          [vdso]
ffffffffff600000-ffffffffff601000 r-xp 00000000 00:00 0                  [vsyscall]

VM Arguments:
jvm_args: -Dclassworlds.conf=/home/ubuntu1604/netbeans-8.1/java/maven/bin/m2.conf -Dmaven.home=/home/ubuntu1604/netbeans-8.1/java/maven 
java_command: org.codehaus.plexus.classworlds.launcher.Launcher -Dmaven.ext.class.path=/home/ubuntu1604/netbeans-8.1/java/maven-nblib/netbeans-eventspy.jar clean install
java_class_path (initial): /home/ubuntu1604/netbeans-8.1/java/maven/boot/plexus-classworlds-2.4.jar
Launcher Type: SUN_STANDARD

Environment Variables:
JAVA_HOME=/home/ubuntu1604/jdk1.8.0_91
PATH=/usr/local/sbin:/usr/local/bin:/usr/sbin:/usr/bin:/sbin:/bin:/usr/games:/usr/local/games:/snap/bin
LD_LIBRARY_PATH=/home/ubuntu1604/jdk1.8.0_91/jre/lib/amd64:/home/ubuntu1604/jdk1.8.0_91/jre/lib/i386:
SHELL=/bin/bash
DISPLAY=:0

Signal Handlers:
SIGSEGV: [libjvm.so+0xabca10], sa_mask[0]=11111111011111111101111111111110, sa_flags=SA_RESTART|SA_SIGINFO
SIGBUS: [libjvm.so+0xabca10], sa_mask[0]=11111111011111111101111111111110, sa_flags=SA_RESTART|SA_SIGINFO
SIGFPE: [libjvm.so+0x919a20], sa_mask[0]=11111111011111111101111111111110, sa_flags=SA_RESTART|SA_SIGINFO
SIGPIPE: [libjvm.so+0x919a20], sa_mask[0]=11111111011111111101111111111110, sa_flags=SA_RESTART|SA_SIGINFO
SIGXFSZ: [libjvm.so+0x919a20], sa_mask[0]=11111111011111111101111111111110, sa_flags=SA_RESTART|SA_SIGINFO
SIGILL: [libjvm.so+0x919a20], sa_mask[0]=11111111011111111101111111111110, sa_flags=SA_RESTART|SA_SIGINFO
SIGUSR1: SIG_DFL, sa_mask[0]=00000000000000000000000000000000, sa_flags=none
SIGUSR2: [libjvm.so+0x91b050], sa_mask[0]=00100000000000000000000000000000, sa_flags=SA_RESTART|SA_SIGINFO
SIGHUP: [libjvm.so+0x91c450], sa_mask[0]=11111111011111111101111111111110, sa_flags=SA_RESTART|SA_SIGINFO
SIGINT: SIG_IGN, sa_mask[0]=00000000000000000000000000000000, sa_flags=none
SIGTERM: [libjvm.so+0x91c450], sa_mask[0]=11111111011111111101111111111110, sa_flags=SA_RESTART|SA_SIGINFO
SIGQUIT: [libjvm.so+0x91c450], sa_mask[0]=11111111011111111101111111111110, sa_flags=SA_RESTART|SA_SIGINFO


---------------  S Y S T E M  ---------------

OS:DISTRIB_ID=Ubuntu
DISTRIB_RELEASE=16.04
DISTRIB_CODENAME=xenial
DISTRIB_DESCRIPTION="Ubuntu 16.04 LTS"

uname:Linux 4.4.0-42-generic #62-Ubuntu SMP Fri Oct 7 23:11:45 UTC 2016 x86_64
libc:glibc 2.23 NPTL 2.23 
rlimit: STACK 8192k, CORE 0k, NPROC 16046, NOFILE 65536, AS infinity
load average:2,08 1,01 0,96

/proc/meminfo:
MemTotal:        4146984 kB
MemFree:         1427196 kB
MemAvailable:    1335676 kB
Buffers:            1680 kB
Cached:            39412 kB
SwapCached:         8296 kB
Active:          1915168 kB
Inactive:         664568 kB
Active(anon):    1911240 kB
Inactive(anon):   637980 kB
Active(file):       3928 kB
Inactive(file):    26588 kB
Unevictable:          72 kB
Mlocked:              72 kB
SwapTotal:       2095100 kB
SwapFree:         492888 kB
Dirty:                92 kB
Writeback:             0 kB
AnonPages:       2429800 kB
Mapped:            29576 kB
Shmem:             10472 kB
Slab:              52192 kB
SReclaimable:      24556 kB
SUnreclaim:        27636 kB
KernelStack:        9104 kB
PageTables:        45868 kB
NFS_Unstable:          0 kB
Bounce:                0 kB
WritebackTmp:          0 kB
CommitLimit:     4168592 kB
Committed_AS:    8560056 kB
VmallocTotal:   34359738367 kB
VmallocUsed:           0 kB
VmallocChunk:          0 kB
HardwareCorrupted:     0 kB
AnonHugePages:   1411072 kB
CmaTotal:              0 kB
CmaFree:               0 kB
HugePages_Total:       0
HugePages_Free:        0
HugePages_Rsvd:        0
HugePages_Surp:        0
Hugepagesize:       2048 kB
DirectMap4k:       90048 kB
DirectMap2M:     4206592 kB


CPU:total 2 (2 cores per cpu, 1 threads per core) family 6 model 78 stepping 3, cmov, cx8, fxsr, mmx, sse, sse2, sse3, ssse3, sse4.1, sse4.2, popcnt, avx, aes, clmul, 3dnowpref, lzcnt, tsc, tscinvbit

/proc/cpuinfo:
processor	: 0
vendor_id	: GenuineIntel
cpu family	: 6
model		: 78
model name	: Intel(R) Core(TM) i7-6560U CPU @ 2.20GHz
stepping	: 3
cpu MHz		: 2208.002
cache size	: 4096 KB
physical id	: 0
siblings	: 2
core id		: 0
cpu cores	: 2
apicid		: 0
initial apicid	: 0
fpu		: yes
fpu_exception	: yes
cpuid level	: 22
wp		: yes
flags		: fpu vme de pse tsc msr pae mce cx8 apic sep mtrr pge mca cmov pat pse36 clflush mmx fxsr sse sse2 ht syscall nx rdtscp lm constant_tsc rep_good nopl xtopology nonstop_tsc pni pclmulqdq ssse3 cx16 sse4_1 sse4_2 movbe popcnt aes xsave avx rdrand hypervisor lahf_lm abm 3dnowprefetch rdseed clflushopt
bugs		:
bogomips	: 4416.00
clflush size	: 64
cache_alignment	: 64
address sizes	: 39 bits physical, 48 bits virtual
power management:

processor	: 1
vendor_id	: GenuineIntel
cpu family	: 6
model		: 78
model name	: Intel(R) Core(TM) i7-6560U CPU @ 2.20GHz
stepping	: 3
cpu MHz		: 2208.002
cache size	: 4096 KB
physical id	: 0
siblings	: 2
core id		: 1
cpu cores	: 2
apicid		: 1
initial apicid	: 1
fpu		: yes
fpu_exception	: yes
cpuid level	: 22
wp		: yes
flags		: fpu vme de pse tsc msr pae mce cx8 apic sep mtrr pge mca cmov pat pse36 clflush mmx fxsr sse sse2 ht syscall nx rdtscp lm constant_tsc rep_good nopl xtopology nonstop_tsc pni pclmulqdq ssse3 cx16 sse4_1 sse4_2 movbe popcnt aes xsave avx rdrand hypervisor lahf_lm abm 3dnowprefetch rdseed clflushopt
bugs		:
bogomips	: 4416.00
clflush size	: 64
cache_alignment	: 64
address sizes	: 39 bits physical, 48 bits virtual
power management:



Memory: 4k page, physical 4146984k(1427196k free), swap 2095100k(492952k free)

vm_info: Java HotSpot(TM) 64-Bit Server VM (25.91-b14) for linux-amd64 JRE (1.8.0_91-b14), built on Apr  1 2016 00:57:21 by "java_re" with gcc 4.3.0 20080428 (Red Hat 4.3.0-8)

time: Thu Oct 13 09:05:46 2016
elapsed time: 19 seconds (0d 0h 0m 19s)

