#
# There is insufficient memory for the Java Runtime Environment to continue.
# Native memory allocation (mmap) failed to map 33554432 bytes for committing reserved memory.
# Possible reasons:
#   The system is out of physical RAM or swap space
#   In 32 bit mode, the process size limit was hit
# Possible solutions:
#   Reduce memory load on the system
#   Increase physical memory or swap space
#   Check if swap backing store is full
#   Use 64 bit Java on a 64 bit OS
#   Decrease Java heap size (-Xmx/-Xms)
#   Decrease number of Java threads
#   Decrease Java thread stack sizes (-Xss)
#   Set larger code cache with -XX:ReservedCodeCacheSize=
# This output file may be truncated or incomplete.
#
#  Out of Memory Error (os_linux.cpp:2627), pid=7816, tid=139880243922688
#
# JRE version: Java(TM) SE Runtime Environment (8.0_91-b14) (build 1.8.0_91-b14)
# Java VM: Java HotSpot(TM) 64-Bit Server VM (25.91-b14 mixed mode linux-amd64 compressed oops)
# Failed to write core dump. Core dumps have been disabled. To enable core dumping, try "ulimit -c unlimited" before starting Java again
#

---------------  T H R E A D  ---------------

Current thread (0x00007f3864073800):  VMThread [stack: 0x00007f3868300000,0x00007f3868401000] [id=7822]

Stack: [0x00007f3868300000,0x00007f3868401000],  sp=0x00007f38683ff220,  free space=1020k
Native frames: (J=compiled Java code, j=interpreted, Vv=VM code, C=native code)
V  [libjvm.so+0xabc18a]  VMError::report_and_die()+0x2ba
V  [libjvm.so+0x4fafeb]  report_vm_out_of_memory(char const*, int, unsigned long, VMErrorType, char const*)+0x8b
V  [libjvm.so+0x91cbb3]  os::Linux::commit_memory_impl(char*, unsigned long, bool)+0x103
V  [libjvm.so+0x91d109]  os::pd_commit_memory(char*, unsigned long, unsigned long, bool)+0x29
V  [libjvm.so+0x91740a]  os::commit_memory(char*, unsigned long, unsigned long, bool)+0x2a
V  [libjvm.so+0x98b033]  PSVirtualSpace::expand_by(unsigned long)+0x53
V  [libjvm.so+0x98c438]  PSYoungGen::resize_generation(unsigned long, unsigned long)+0xf8
V  [libjvm.so+0x98b592]  PSYoungGen::resize(unsigned long, unsigned long)+0x22
V  [libjvm.so+0x98886b]  PSScavenge::invoke_no_policy()+0xf3b
V  [libjvm.so+0x988ff1]  PSScavenge::invoke()+0x41
V  [libjvm.so+0x9408b0]  ParallelScavengeHeap::failed_mem_allocate(unsigned long)+0x70
V  [libjvm.so+0xabdba7]  VM_ParallelGCFailedAllocation::doit()+0x97
V  [libjvm.so+0xac55d5]  VM_Operation::evaluate()+0x55
V  [libjvm.so+0xac39aa]  VMThread::evaluate_operation(VM_Operation*)+0xba
V  [libjvm.so+0xac3d2e]  VMThread::loop()+0x1ce
V  [libjvm.so+0xac41a0]  VMThread::run()+0x70
V  [libjvm.so+0x91ef78]  java_start(Thread*)+0x108

VM_Operation (0x00007f386d263a50): ParallelGCFailedAllocation, mode: safepoint, requested by thread 0x00007f386400a000


---------------  P R O C E S S  ---------------

Java Threads: ( => current thread )
  0x00007f3864570000 JavaThread "process reaper" daemon [_thread_blocked, id=7831, stack(0x00007f3868010000,0x00007f3868049000)]
  0x00007f38640bb000 JavaThread "Service Thread" daemon [_thread_blocked, id=7828, stack(0x00007f385215c000,0x00007f385225d000)]
  0x00007f38640b8000 JavaThread "C1 CompilerThread1" daemon [_thread_blocked, id=7827, stack(0x00007f385225d000,0x00007f385235e000)]
  0x00007f38640b5800 JavaThread "C2 CompilerThread0" daemon [_thread_blocked, id=7826, stack(0x00007f385235e000,0x00007f385245f000)]
  0x00007f38640b4000 JavaThread "Signal Dispatcher" daemon [_thread_blocked, id=7825, stack(0x00007f385245f000,0x00007f3852560000)]
  0x00007f3864080000 JavaThread "Finalizer" daemon [_thread_blocked, id=7824, stack(0x00007f38680fe000,0x00007f38681ff000)]
  0x00007f386407b800 JavaThread "Reference Handler" daemon [_thread_blocked, id=7823, stack(0x00007f38681ff000,0x00007f3868300000)]
  0x00007f386400a000 JavaThread "main" [_thread_blocked, id=7819, stack(0x00007f386d166000,0x00007f386d267000)]

Other Threads:
=>0x00007f3864073800 VMThread [stack: 0x00007f3868300000,0x00007f3868401000] [id=7822]
  0x00007f38640be000 WatcherThread [stack: 0x00007f385205b000,0x00007f385215c000] [id=7829]

VM state:at safepoint (normal execution)

VM Mutex/Monitor currently owned by a thread:  ([mutex/lock_event])
[0x00007f3864006220] Threads_lock - owner thread: 0x00007f3864073800
[0x00007f3864006720] Heap_lock - owner thread: 0x00007f386400a000

Heap:
 PSYoungGen      total 38400K, used 3872K [0x00000000eae00000, 0x00000000ed900000, 0x0000000100000000)
  eden space 32768K, 0% used [0x00000000eae00000,0x00000000eae00000,0x00000000ece00000)
  from space 5632K, 68% used [0x00000000ece00000,0x00000000ed1c8000,0x00000000ed380000)
  to   space 5632K, 0% used [0x00000000ed380000,0x00000000ed380000,0x00000000ed900000)
 ParOldGen       total 44032K, used 8060K [0x00000000c0a00000, 0x00000000c3500000, 0x00000000eae00000)
  object space 44032K, 18% used [0x00000000c0a00000,0x00000000c11df2e8,0x00000000c3500000)
 Metaspace       used 13485K, capacity 13764K, committed 14080K, reserved 1060864K
  class space    used 1627K, capacity 1726K, committed 1792K, reserved 1048576K

Card table byte_map: [0x00007f3869d18000,0x00007f3869f14000] byte_map_base: 0x00007f3869713000

Marking Bits: (ParMarkBitMap*) 0x00007f386c631d60
 Begin Bits: [0x00007f3853050000, 0x00007f3854028000)
 End Bits:   [0x00007f3854028000, 0x00007f3855000000)

Polling page: 0x00007f386d280000

CodeCache: size=245760Kb used=6563Kb max_used=6570Kb free=239196Kb
 bounds [0x00007f3855000000, 0x00007f3855670000, 0x00007f3864000000]
 total_blobs=2336 nmethods=2008 adapters=241
 compilation: enabled

Compilation events (10 events):
Event: 7,570 Thread 0x00007f38640b8000 2041       2       org.apache.maven.model.Contributor::setEmail (6 bytes)
Event: 7,584 Thread 0x00007f38640b8000 nmethod 2041 0x00007f3855667110 code [0x00007f3855667260, 0x00007f38556673d0]
Event: 7,631 Thread 0x00007f38640b8000 2043       2       org.apache.maven.model.merge.ModelMerger::getResourceKey (2 bytes)
Event: 7,634 Thread 0x00007f38640b8000 nmethod 2043 0x00007f385566b450 code [0x00007f385566b5a0, 0x00007f385566b6f0]
Event: 7,634 Thread 0x00007f38640b8000 2044       2       org.apache.maven.model.Model::getMailingLists (23 bytes)
Event: 7,635 Thread 0x00007f38640b8000 nmethod 2044 0x00007f385566b050 code [0x00007f385566b1c0, 0x00007f385566b3b0]
Event: 7,635 Thread 0x00007f38640b8000 2045       2       org.apache.maven.model.Model::getLicenses (23 bytes)
Event: 7,635 Thread 0x00007f38640b8000 nmethod 2045 0x00007f385566ac50 code [0x00007f385566adc0, 0x00007f385566afb0]
Event: 7,635 Thread 0x00007f38640b8000 2046       2       java.util.Hashtable$Enumerator::<init> (51 bytes)
Event: 7,635 Thread 0x00007f38640b8000 nmethod 2046 0x00007f385566a850 code [0x00007f385566a9c0, 0x00007f385566ab50]

GC Heap History (10 events):
Event: 2,013 GC heap after
Heap after GC invocations=2 (full 0):
 PSYoungGen      total 18944K, used 2560K [0x00000000eae00000, 0x00000000ec300000, 0x0000000100000000)
  eden space 16384K, 0% used [0x00000000eae00000,0x00000000eae00000,0x00000000ebe00000)
  from space 2560K, 100% used [0x00000000ec080000,0x00000000ec300000,0x00000000ec300000)
  to   space 2560K, 0% used [0x00000000ebe00000,0x00000000ebe00000,0x00000000ec080000)
 ParOldGen       total 44032K, used 1095K [0x00000000c0a00000, 0x00000000c3500000, 0x00000000eae00000)
  object space 44032K, 2% used [0x00000000c0a00000,0x00000000c0b11f50,0x00000000c3500000)
 Metaspace       used 7981K, capacity 8136K, committed 8320K, reserved 1056768K
  class space    used 1015K, capacity 1050K, committed 1152K, reserved 1048576K
}
Event: 2,502 GC heap before
{Heap before GC invocations=3 (full 0):
 PSYoungGen      total 18944K, used 18944K [0x00000000eae00000, 0x00000000ec300000, 0x0000000100000000)
  eden space 16384K, 100% used [0x00000000eae00000,0x00000000ebe00000,0x00000000ebe00000)
  from space 2560K, 100% used [0x00000000ec080000,0x00000000ec300000,0x00000000ec300000)
  to   space 2560K, 0% used [0x00000000ebe00000,0x00000000ebe00000,0x00000000ec080000)
 ParOldGen       total 44032K, used 1095K [0x00000000c0a00000, 0x00000000c3500000, 0x00000000eae00000)
  object space 44032K, 2% used [0x00000000c0a00000,0x00000000c0b11f50,0x00000000c3500000)
 Metaspace       used 10117K, capacity 10236K, committed 10368K, reserved 1058816K
  class space    used 1289K, capacity 1341K, committed 1408K, reserved 1048576K
Event: 2,507 GC heap after
Heap after GC invocations=3 (full 0):
 PSYoungGen      total 18944K, used 2560K [0x00000000eae00000, 0x00000000ec300000, 0x0000000100000000)
  eden space 16384K, 0% used [0x00000000eae00000,0x00000000eae00000,0x00000000ebe00000)
  from space 2560K, 100% used [0x00000000ebe00000,0x00000000ec080000,0x00000000ec080000)
  to   space 2560K, 0% used [0x00000000ec080000,0x00000000ec080000,0x00000000ec300000)
 ParOldGen       total 44032K, used 2797K [0x00000000c0a00000, 0x00000000c3500000, 0x00000000eae00000)
  object space 44032K, 6% used [0x00000000c0a00000,0x00000000c0cbb7b0,0x00000000c3500000)
 Metaspace       used 10117K, capacity 10236K, committed 10368K, reserved 1058816K
  class space    used 1289K, capacity 1341K, committed 1408K, reserved 1048576K
}
Event: 3,652 GC heap before
{Heap before GC invocations=4 (full 0):
 PSYoungGen      total 18944K, used 18944K [0x00000000eae00000, 0x00000000ec300000, 0x0000000100000000)
  eden space 16384K, 100% used [0x00000000eae00000,0x00000000ebe00000,0x00000000ebe00000)
  from space 2560K, 100% used [0x00000000ebe00000,0x00000000ec080000,0x00000000ec080000)
  to   space 2560K, 0% used [0x00000000ec080000,0x00000000ec080000,0x00000000ec300000)
 ParOldGen       total 44032K, used 2797K [0x00000000c0a00000, 0x00000000c3500000, 0x00000000eae00000)
  object space 44032K, 6% used [0x00000000c0a00000,0x00000000c0cbb7b0,0x00000000c3500000)
 Metaspace       used 12993K, capacity 13322K, committed 13568K, reserved 1060864K
  class space    used 1587K, capacity 1688K, committed 1792K, reserved 1048576K
Event: 3,660 GC heap after
Heap after GC invocations=4 (full 0):
 PSYoungGen      total 18944K, used 2544K [0x00000000eae00000, 0x00000000ec300000, 0x0000000100000000)
  eden space 16384K, 0% used [0x00000000eae00000,0x00000000eae00000,0x00000000ebe00000)
  from space 2560K, 99% used [0x00000000ec080000,0x00000000ec2fc010,0x00000000ec300000)
  to   space 2560K, 0% used [0x00000000ebe00000,0x00000000ebe00000,0x00000000ec080000)
 ParOldGen       total 44032K, used 5070K [0x00000000c0a00000, 0x00000000c3500000, 0x00000000eae00000)
  object space 44032K, 11% used [0x00000000c0a00000,0x00000000c0ef3868,0x00000000c3500000)
 Metaspace       used 12993K, capacity 13322K, committed 13568K, reserved 1060864K
  class space    used 1587K, capacity 1688K, committed 1792K, reserved 1048576K
}
Event: 4,313 GC heap before
{Heap before GC invocations=5 (full 0):
 PSYoungGen      total 18944K, used 18928K [0x00000000eae00000, 0x00000000ec300000, 0x0000000100000000)
  eden space 16384K, 100% used [0x00000000eae00000,0x00000000ebe00000,0x00000000ebe00000)
  from space 2560K, 99% used [0x00000000ec080000,0x00000000ec2fc010,0x00000000ec300000)
  to   space 2560K, 0% used [0x00000000ebe00000,0x00000000ebe00000,0x00000000ec080000)
 ParOldGen       total 44032K, used 5070K [0x00000000c0a00000, 0x00000000c3500000, 0x00000000eae00000)
  object space 44032K, 11% used [0x00000000c0a00000,0x00000000c0ef3868,0x00000000c3500000)
 Metaspace       used 13328K, capacity 13630K, committed 13824K, reserved 1060864K
  class space    used 1620K, capacity 1725K, committed 1792K, reserved 1048576K
Event: 4,349 GC heap after
Heap after GC invocations=5 (full 0):
 PSYoungGen      total 18944K, used 2544K [0x00000000eae00000, 0x00000000ed900000, 0x0000000100000000)
  eden space 16384K, 0% used [0x00000000eae00000,0x00000000eae00000,0x00000000ebe00000)
  from space 2560K, 99% used [0x00000000ebe00000,0x00000000ec07c010,0x00000000ec080000)
  to   space 5632K, 0% used [0x00000000ed380000,0x00000000ed380000,0x00000000ed900000)
 ParOldGen       total 44032K, used 7144K [0x00000000c0a00000, 0x00000000c3500000, 0x00000000eae00000)
  object space 44032K, 16% used [0x00000000c0a00000,0x00000000c10fa288,0x00000000c3500000)
 Metaspace       used 13328K, capacity 13630K, committed 13824K, reserved 1060864K
  class space    used 1620K, capacity 1725K, committed 1792K, reserved 1048576K
}
Event: 4,661 GC heap before
{Heap before GC invocations=6 (full 0):
 PSYoungGen      total 18944K, used 18928K [0x00000000eae00000, 0x00000000ed900000, 0x0000000100000000)
  eden space 16384K, 100% used [0x00000000eae00000,0x00000000ebe00000,0x00000000ebe00000)
  from space 2560K, 99% used [0x00000000ebe00000,0x00000000ec07c010,0x00000000ec080000)
  to   space 5632K, 0% used [0x00000000ed380000,0x00000000ed380000,0x00000000ed900000)
 ParOldGen       total 44032K, used 7144K [0x00000000c0a00000, 0x00000000c3500000, 0x00000000eae00000)
  object space 44032K, 16% used [0x00000000c0a00000,0x00000000c10fa288,0x00000000c3500000)
 Metaspace       used 13397K, capacity 13758K, committed 14080K, reserved 1060864K
  class space    used 1625K, capacity 1725K, committed 1792K, reserved 1048576K
Event: 4,672 GC heap after
Heap after GC invocations=6 (full 0):
 PSYoungGen      total 38400K, used 3456K [0x00000000eae00000, 0x00000000ed900000, 0x0000000100000000)
  eden space 32768K, 0% used [0x00000000eae00000,0x00000000eae00000,0x00000000ece00000)
  from space 5632K, 61% used [0x00000000ed380000,0x00000000ed6e0000,0x00000000ed900000)
  to   space 5632K, 0% used [0x00000000ece00000,0x00000000ece00000,0x00000000ed380000)
 ParOldGen       total 44032K, used 7144K [0x00000000c0a00000, 0x00000000c3500000, 0x00000000eae00000)
  object space 44032K, 16% used [0x00000000c0a00000,0x00000000c10fa288,0x00000000c3500000)
 Metaspace       used 13397K, capacity 13758K, committed 14080K, reserved 1060864K
  class space    used 1625K, capacity 1725K, committed 1792K, reserved 1048576K
}
Event: 7,684 GC heap before
{Heap before GC invocations=7 (full 0):
 PSYoungGen      total 38400K, used 36224K [0x00000000eae00000, 0x00000000ed900000, 0x0000000100000000)
  eden space 32768K, 100% used [0x00000000eae00000,0x00000000ece00000,0x00000000ece00000)
  from space 5632K, 61% used [0x00000000ed380000,0x00000000ed6e0000,0x00000000ed900000)
  to   space 5632K, 0% used [0x00000000ece00000,0x00000000ece00000,0x00000000ed380000)
 ParOldGen       total 44032K, used 7144K [0x00000000c0a00000, 0x00000000c3500000, 0x00000000eae00000)
  object space 44032K, 16% used [0x00000000c0a00000,0x00000000c10fa288,0x00000000c3500000)
 Metaspace       used 13485K, capacity 13764K, committed 14080K, reserved 1060864K
  class space    used 1627K, capacity 1726K, committed 1792K, reserved 1048576K

Deoptimization events (10 events):
Event: 2,105 Thread 0x00007f386400a000 Uncommon trap: reason=class_check action=maybe_recompile pc=0x00007f3855319b18 method=java.util.HashMap.putVal(ILjava/lang/Object;Ljava/lang/Object;ZZ)Ljava/lang/Object; @ 203
Event: 2,644 Thread 0x00007f386400a000 Uncommon trap: reason=unstable_if action=reinterpret pc=0x00007f38552b64d0 method=org.codehaus.plexus.util.xml.pull.MXParser.parseStartTag()I @ 443
Event: 2,645 Thread 0x00007f386400a000 Uncommon trap: reason=unstable_if action=reinterpret pc=0x00007f38552bf210 method=org.codehaus.plexus.util.xml.pull.MXParser.nextImpl()I @ 269
Event: 3,668 Thread 0x00007f386400a000 Uncommon trap: reason=unstable_if action=reinterpret pc=0x00007f38554974f0 method=org.codehaus.plexus.util.xml.pull.MXParser.nextImpl()I @ 867
Event: 3,682 Thread 0x00007f386400a000 Uncommon trap: reason=unstable_if action=reinterpret pc=0x00007f38554382d0 method=sun.nio.cs.UTF_8$Decoder.decode([BII[C)I @ 30
Event: 3,682 Thread 0x00007f386400a000 Uncommon trap: reason=unstable_if action=reinterpret pc=0x00007f3855271018 method=sun.nio.cs.UTF_8$Decoder.decodeArrayLoop(Ljava/nio/ByteBuffer;Ljava/nio/CharBuffer;)Ljava/nio/charset/CoderResult; @ 84
Event: 3,787 Thread 0x00007f386400a000 Uncommon trap: reason=unstable_if action=reinterpret pc=0x00007f38552f6b28 method=java.util.HashMap.hash(Ljava/lang/Object;)I @ 1
Event: 3,934 Thread 0x00007f386400a000 Uncommon trap: reason=unstable_if action=reinterpret pc=0x00007f3855555934 method=org.codehaus.plexus.util.xml.pull.MXParser.nextImpl()I @ 310
Event: 4,847 Thread 0x00007f386400a000 Uncommon trap: reason=unstable_if action=reinterpret pc=0x00007f38555821e4 method=org.codehaus.plexus.util.xml.pull.MXParser.nextImpl()I @ 280
Event: 7,525 Thread 0x00007f386400a000 Uncommon trap: reason=null_check action=make_not_entrant pc=0x00007f3855668574 method=org.apache.maven.model.io.xpp3.MavenXpp3Reader.checkFieldWithDuplicate(Lorg/codehaus/plexus/util/xml/pull/XmlPullParser;Ljava/lang/String;Ljava/lang/String;Ljava/util/Se

Internal exceptions (10 events):
Event: 1,165 Thread 0x00007f386400a000 Exception <a 'java/lang/ArrayIndexOutOfBoundsException'> (0x00000000eb8b1020) thrown at [/HUDSON/workspace/8-2-build-linux-amd64/jdk8u91/6644/hotspot/src/share/vm/runtime/sharedRuntime.cpp, line 605]
Event: 1,589 Thread 0x00007f386400a000 Exception <a 'java/lang/ArrayIndexOutOfBoundsException'> (0x00000000eb74a010) thrown at [/HUDSON/workspace/8-2-build-linux-amd64/jdk8u91/6644/hotspot/src/share/vm/runtime/sharedRuntime.cpp, line 605]
Event: 1,589 Thread 0x00007f386400a000 Exception <a 'java/lang/ArrayIndexOutOfBoundsException'> (0x00000000eb74bcb8) thrown at [/HUDSON/workspace/8-2-build-linux-amd64/jdk8u91/6644/hotspot/src/share/vm/runtime/sharedRuntime.cpp, line 605]
Event: 1,874 Thread 0x00007f386400a000 Exception <a 'java/lang/NoClassDefFoundError': org/slf4j/Logger> (0x00000000ebb973e0) thrown at [/HUDSON/workspace/8-2-build-linux-amd64/jdk8u91/6644/hotspot/src/share/vm/classfile/systemDictionary.cpp, line 199]
Event: 1,996 Thread 0x00007f386400a000 Exception <a 'java/lang/NoClassDefFoundError': org/slf4j/LoggerFactory> (0x00000000ebde7ce8) thrown at [/HUDSON/workspace/8-2-build-linux-amd64/jdk8u91/6644/hotspot/src/share/vm/classfile/systemDictionary.cpp, line 199]
Event: 1,996 Thread 0x00007f386400a000 Exception <a 'java/lang/NoClassDefFoundError'> (0x00000000ebde7ce8) thrown at [/HUDSON/workspace/8-2-build-linux-amd64/jdk8u91/6644/hotspot/src/share/vm/oops/instanceKlass.cpp, line 948]
Event: 2,847 Thread 0x00007f386400a000 Exception <a 'java/lang/NoSuchFieldError': method resolution failed> (0x00000000eb1e2520) thrown at [/HUDSON/workspace/8-2-build-linux-amd64/jdk8u91/6644/hotspot/src/share/vm/prims/methodHandles.cpp, line 1146]
Event: 2,848 Thread 0x00007f386400a000 Exception <a 'java/lang/NoSuchFieldError': method resolution failed> (0x00000000eb1efc10) thrown at [/HUDSON/workspace/8-2-build-linux-amd64/jdk8u91/6644/hotspot/src/share/vm/prims/methodHandles.cpp, line 1146]
Event: 3,787 Thread 0x00007f386400a000 Implicit null exception at 0x00007f38552f6935 to 0x00007f38552f6b19
Event: 7,525 Thread 0x00007f386400a000 Implicit null exception at 0x00007f385566823e to 0x00007f3855668559

Events (10 events):
Event: 7,525 Thread 0x00007f386400a000 Uncommon trap: trap_request=0xfffffff4 fr.pc=0x00007f3855668574
Event: 7,525 Thread 0x00007f386400a000 DEOPT PACKING pc=0x00007f3855668574 sp=0x00007f386d263850
Event: 7,525 Thread 0x00007f386400a000 DEOPT UNPACKING pc=0x00007f3855005229 sp=0x00007f386d263830 mode 2
Event: 7,531 loading class java/util/AbstractMap$SimpleImmutableEntry
Event: 7,544 loading class java/util/AbstractMap$SimpleImmutableEntry done
Event: 7,626 Thread 0x00007f386400a000 DEOPT PACKING pc=0x00007f385564feda sp=0x00007f386d2636c0
Event: 7,627 Thread 0x00007f386400a000 DEOPT UNPACKING pc=0x00007f3855047633 sp=0x00007f386d263560 mode 0
Event: 7,634 loading class java/util/ArrayList$1
Event: 7,644 loading class java/util/ArrayList$1 done
Event: 7,661 Executing VM operation: ParallelGCFailedAllocation


Dynamic libraries:
00400000-00401000 r-xp 00000000 08:01 1180599                            /home/ubuntu1604/jdk1.8.0_91/bin/java
00600000-00601000 rw-p 00000000 08:01 1180599                            /home/ubuntu1604/jdk1.8.0_91/bin/java
00cd1000-00cf2000 rw-p 00000000 00:00 0                                  [heap]
c0a00000-c3500000 rw-p 00000000 00:00 0 
c3500000-eae00000 ---p 00000000 00:00 0 
eae00000-ed900000 rw-p 00000000 00:00 0 
ef900000-100000000 ---p 00000000 00:00 0 
100000000-1001c0000 rw-p 00000000 00:00 0 
1001c0000-140000000 ---p 00000000 00:00 0 
7f3824000000-7f3824021000 rw-p 00000000 00:00 0 
7f3824021000-7f3828000000 ---p 00000000 00:00 0 
7f3828000000-7f3828021000 rw-p 00000000 00:00 0 
7f3828021000-7f382c000000 ---p 00000000 00:00 0 
7f382c000000-7f382c95e000 rw-p 00000000 00:00 0 
7f382c95e000-7f3830000000 ---p 00000000 00:00 0 
7f3830000000-7f3830021000 rw-p 00000000 00:00 0 
7f3830021000-7f3834000000 ---p 00000000 00:00 0 
7f3834000000-7f3834021000 rw-p 00000000 00:00 0 
7f3834021000-7f3838000000 ---p 00000000 00:00 0 
7f3838000000-7f383944e000 rw-p 00000000 00:00 0 
7f383944e000-7f383c000000 ---p 00000000 00:00 0 
7f383c000000-7f383c021000 rw-p 00000000 00:00 0 
7f383c021000-7f3840000000 ---p 00000000 00:00 0 
7f3840000000-7f3840021000 rw-p 00000000 00:00 0 
7f3840021000-7f3844000000 ---p 00000000 00:00 0 
7f3844000000-7f3844021000 rw-p 00000000 00:00 0 
7f3844021000-7f3848000000 ---p 00000000 00:00 0 
7f3848000000-7f384828d000 rw-p 00000000 00:00 0 
7f384828d000-7f384c000000 ---p 00000000 00:00 0 
7f384c000000-7f384c021000 rw-p 00000000 00:00 0 
7f384c021000-7f3850000000 ---p 00000000 00:00 0 
7f3851532000-7f3851543000 r-xp 00000000 08:01 1180435                    /home/ubuntu1604/jdk1.8.0_91/jre/lib/amd64/libnio.so
7f3851543000-7f3851742000 ---p 00011000 08:01 1180435                    /home/ubuntu1604/jdk1.8.0_91/jre/lib/amd64/libnio.so
7f3851742000-7f3851743000 rw-p 00010000 08:01 1180435                    /home/ubuntu1604/jdk1.8.0_91/jre/lib/amd64/libnio.so
7f3851743000-7f3851a44000 rw-p 00000000 00:00 0 
7f3851a44000-7f3851a5a000 r-xp 00000000 08:01 1180436                    /home/ubuntu1604/jdk1.8.0_91/jre/lib/amd64/libnet.so
7f3851a5a000-7f3851c5a000 ---p 00016000 08:01 1180436                    /home/ubuntu1604/jdk1.8.0_91/jre/lib/amd64/libnet.so
7f3851c5a000-7f3851c5b000 rw-p 00016000 08:01 1180436                    /home/ubuntu1604/jdk1.8.0_91/jre/lib/amd64/libnet.so
7f3851c5b000-7f3851e5b000 rw-p 00000000 00:00 0 
7f3851e5b000-7f385205b000 rw-p 00000000 00:00 0 
7f385205b000-7f385205c000 ---p 00000000 00:00 0 
7f385205c000-7f385215c000 rw-p 00000000 00:00 0 
7f385215c000-7f385215f000 ---p 00000000 00:00 0 
7f385215f000-7f385225d000 rw-p 00000000 00:00 0 
7f385225d000-7f3852260000 ---p 00000000 00:00 0 
7f3852260000-7f385235e000 rw-p 00000000 00:00 0 
7f385235e000-7f3852361000 ---p 00000000 00:00 0 
7f3852361000-7f385245f000 rw-p 00000000 00:00 0 
7f385245f000-7f3852462000 ---p 00000000 00:00 0 
7f3852462000-7f3852560000 rw-p 00000000 00:00 0 
7f3852560000-7f3853050000 r--p 00000000 08:01 1712843                    /usr/lib/locale/locale-archive
7f3853050000-7f3855000000 rw-p 00000000 00:00 0 
7f3855000000-7f3855670000 rwxp 00000000 00:00 0 
7f3855670000-7f3864000000 ---p 00000000 00:00 0 
7f3864000000-7f3864910000 rw-p 00000000 00:00 0 
7f3864910000-7f3868000000 ---p 00000000 00:00 0 
7f3868010000-7f3868013000 ---p 00000000 00:00 0 
7f3868013000-7f3868049000 rw-p 00000000 00:00 0 
7f3868049000-7f386804a000 r--p 00000000 00:00 0 
7f386804a000-7f386804e000 r--s 00097000 08:01 1062456                    /home/ubuntu1604/jdk1.8.0_91/jre/lib/jsse.jar
7f386804e000-7f3868050000 r--s 0000c000 08:01 1184866                    /home/ubuntu1604/netbeans-8.1/java/maven-nblib/netbeans-eventspy.jar
7f3868050000-7f3868053000 r--s 00008000 08:01 1184743                    /home/ubuntu1604/netbeans-8.1/java/maven/lib/maven-settings-builder-3.0.5.jar
7f3868053000-7f3868055000 r--s 0000d000 08:01 1184800                    /home/ubuntu1604/netbeans-8.1/java/maven/lib/plexus-interpolation-1.14.jar
7f3868055000-7f3868056000 r--s 00002000 08:01 1184889                    /home/ubuntu1604/netbeans-8.1/java/maven/lib/wagon-file-2.4.jar
7f3868056000-7f386805b000 r--s 00020000 08:01 1184796                    /home/ubuntu1604/netbeans-8.1/java/maven/lib/maven-model-builder-3.0.5.jar
7f386805b000-7f386805d000 r--s 0000a000 08:01 1184859                    /home/ubuntu1604/netbeans-8.1/java/maven/lib/maven-settings-3.0.5.jar
7f386805d000-7f3868060000 r--s 00033000 08:01 1184870                    /home/ubuntu1604/netbeans-8.1/java/maven/lib/plexus-utils-2.0.6.jar
7f3868060000-7f3868062000 r--s 00006000 08:01 1184648                    /home/ubuntu1604/netbeans-8.1/java/maven/lib/maven-repository-metadata-3.0.5.jar
7f3868062000-7f3868065000 r--s 0001d000 08:01 1184872                    /home/ubuntu1604/netbeans-8.1/java/maven/lib/aether-impl-1.13.1.jar
7f3868065000-7f3868067000 r--s 0000a000 08:01 1184843                    /home/ubuntu1604/netbeans-8.1/java/maven/lib/maven-plugin-api-3.0.5.jar
7f3868067000-7f3868069000 r--s 00000000 08:01 1184527                    /home/ubuntu1604/netbeans-8.1/java/maven/lib/plexus-component-annotations-1.5.5.jar
7f3868069000-7f386806b000 r--s 0000c000 08:01 1184761                    /home/ubuntu1604/netbeans-8.1/java/maven/lib/maven-aether-provider-3.0.5.jar
7f386806b000-7f386806c000 r--s 00006000 08:01 1184797                    /home/ubuntu1604/netbeans-8.1/java/maven/lib/plexus-sec-dispatcher-1.3.jar
7f386806c000-7f3868072000 r--s 0002b000 08:01 1184819                    /home/ubuntu1604/netbeans-8.1/java/maven/lib/sisu-inject-plexus-2.3.0.jar
7f3868072000-7f3868074000 r--s 00002000 08:01 1184877                    /home/ubuntu1604/netbeans-8.1/java/maven/lib/plexus-cipher-1.7.jar
7f3868074000-7f3868075000 r--s 00003000 08:01 1184878                    /home/ubuntu1604/netbeans-8.1/java/maven/lib/aether-spi-1.13.1.jar
7f3868075000-7f3868079000 r--s 00012000 08:01 1184879                    /home/ubuntu1604/netbeans-8.1/java/maven/lib/aether-api-1.13.1.jar
7f3868079000-7f386807b000 r--s 0000b000 08:01 1184858                    /home/ubuntu1604/netbeans-8.1/java/maven/lib/maven-artifact-3.0.5.jar
7f386807b000-7f3868083000 r--s 0004e000 08:01 1184832                    /home/ubuntu1604/netbeans-8.1/java/maven/lib/sisu-guice-3.1.0-no_aop.jar
7f3868083000-7f3868085000 r--s 00006000 08:01 1184714                    /home/ubuntu1604/netbeans-8.1/java/maven/lib/aether-connector-wagon-1.13.1.jar
7f3868085000-7f3868087000 r--s 0000b000 08:01 1184844                    /home/ubuntu1604/netbeans-8.1/java/maven/lib/wagon-provider-api-2.4.jar
7f3868087000-7f38680a5000 r--s 0014f000 08:01 1184885                    /home/ubuntu1604/netbeans-8.1/java/maven/lib/sisu-guava-0.9.9.jar
7f38680a5000-7f38680b1000 r--s 0007b000 08:01 1184884                    /home/ubuntu1604/netbeans-8.1/java/maven/lib/maven-core-3.0.5.jar
7f38680b1000-7f38680b5000 r--s 0001c000 08:01 1184873                    /home/ubuntu1604/netbeans-8.1/java/maven/lib/aether-util-1.13.1.jar
7f38680b5000-7f38680d0000 r--s 000e0000 08:01 1184852                    /home/ubuntu1604/netbeans-8.1/java/maven/lib/wagon-http-2.4-shaded.jar
7f38680d0000-7f38680fe000 r--s 001c2000 08:01 1184799                    /home/ubuntu1604/netbeans-8.1/java/maven/lib/ext/wagon-http-2.8-shaded.jar
7f38680fe000-7f3868101000 ---p 00000000 00:00 0 
7f3868101000-7f38681ff000 rw-p 00000000 00:00 0 
7f38681ff000-7f3868202000 ---p 00000000 00:00 0 
7f3868202000-7f3868300000 rw-p 00000000 00:00 0 
7f3868300000-7f3868301000 ---p 00000000 00:00 0 
7f3868301000-7f3868d7a000 rw-p 00000000 00:00 0 
7f3868d7a000-7f3868f53000 r--s 03d1f000 08:01 1062462                    /home/ubuntu1604/jdk1.8.0_91/jre/lib/rt.jar
7f3868f53000-7f38699c4000 rw-p 00000000 00:00 0 
7f38699c4000-7f38699c5000 ---p 00000000 00:00 0 
7f38699c5000-7f3869ac5000 rw-p 00000000 00:00 0 
7f3869ac5000-7f3869ac6000 ---p 00000000 00:00 0 
7f3869ac6000-7f3869bdc000 rw-p 00000000 00:00 0 
7f3869bdc000-7f3869d18000 ---p 00000000 00:00 0 
7f3869d18000-7f3869d2e000 rw-p 00000000 00:00 0 
7f3869d2e000-7f3869e6a000 ---p 00000000 00:00 0 
7f3869e6a000-7f3869e80000 rw-p 00000000 00:00 0 
7f3869e80000-7f3869f13000 ---p 00000000 00:00 0 
7f3869f13000-7f3869f2e000 rw-p 00000000 00:00 0 
7f3869f2e000-7f386a2d4000 ---p 00000000 00:00 0 
7f386a2d4000-7f386a2ee000 r-xp 00000000 08:01 1180434                    /home/ubuntu1604/jdk1.8.0_91/jre/lib/amd64/libzip.so
7f386a2ee000-7f386a4ee000 ---p 0001a000 08:01 1180434                    /home/ubuntu1604/jdk1.8.0_91/jre/lib/amd64/libzip.so
7f386a4ee000-7f386a4ef000 rw-p 0001a000 08:01 1180434                    /home/ubuntu1604/jdk1.8.0_91/jre/lib/amd64/libzip.so
7f386a4ef000-7f386a4fa000 r-xp 00000000 08:01 1971383                    /lib/x86_64-linux-gnu/libnss_files-2.23.so
7f386a4fa000-7f386a6f9000 ---p 0000b000 08:01 1971383                    /lib/x86_64-linux-gnu/libnss_files-2.23.so
7f386a6f9000-7f386a6fa000 r--p 0000a000 08:01 1971383                    /lib/x86_64-linux-gnu/libnss_files-2.23.so
7f386a6fa000-7f386a6fb000 rw-p 0000b000 08:01 1971383                    /lib/x86_64-linux-gnu/libnss_files-2.23.so
7f386a6fb000-7f386a701000 rw-p 00000000 00:00 0 
7f386a701000-7f386a70c000 r-xp 00000000 08:01 1971393                    /lib/x86_64-linux-gnu/libnss_nis-2.23.so
7f386a70c000-7f386a90b000 ---p 0000b000 08:01 1971393                    /lib/x86_64-linux-gnu/libnss_nis-2.23.so
7f386a90b000-7f386a90c000 r--p 0000a000 08:01 1971393                    /lib/x86_64-linux-gnu/libnss_nis-2.23.so
7f386a90c000-7f386a90d000 rw-p 0000b000 08:01 1971393                    /lib/x86_64-linux-gnu/libnss_nis-2.23.so
7f386a90d000-7f386a923000 r-xp 00000000 08:01 1971377                    /lib/x86_64-linux-gnu/libnsl-2.23.so
7f386a923000-7f386ab22000 ---p 00016000 08:01 1971377                    /lib/x86_64-linux-gnu/libnsl-2.23.so
7f386ab22000-7f386ab23000 r--p 00015000 08:01 1971377                    /lib/x86_64-linux-gnu/libnsl-2.23.so
7f386ab23000-7f386ab24000 rw-p 00016000 08:01 1971377                    /lib/x86_64-linux-gnu/libnsl-2.23.so
7f386ab24000-7f386ab26000 rw-p 00000000 00:00 0 
7f386ab26000-7f386ab2e000 r-xp 00000000 08:01 1971379                    /lib/x86_64-linux-gnu/libnss_compat-2.23.so
7f386ab2e000-7f386ad2d000 ---p 00008000 08:01 1971379                    /lib/x86_64-linux-gnu/libnss_compat-2.23.so
7f386ad2d000-7f386ad2e000 r--p 00007000 08:01 1971379                    /lib/x86_64-linux-gnu/libnss_compat-2.23.so
7f386ad2e000-7f386ad2f000 rw-p 00008000 08:01 1971379                    /lib/x86_64-linux-gnu/libnss_compat-2.23.so
7f386ad2f000-7f386ad59000 r-xp 00000000 08:01 1180410                    /home/ubuntu1604/jdk1.8.0_91/jre/lib/amd64/libjava.so
7f386ad59000-7f386af59000 ---p 0002a000 08:01 1180410                    /home/ubuntu1604/jdk1.8.0_91/jre/lib/amd64/libjava.so
7f386af59000-7f386af5b000 rw-p 0002a000 08:01 1180410                    /home/ubuntu1604/jdk1.8.0_91/jre/lib/amd64/libjava.so
7f386af5b000-7f386af68000 r-xp 00000000 08:01 1180379                    /home/ubuntu1604/jdk1.8.0_91/jre/lib/amd64/libverify.so
7f386af68000-7f386b168000 ---p 0000d000 08:01 1180379                    /home/ubuntu1604/jdk1.8.0_91/jre/lib/amd64/libverify.so
7f386b168000-7f386b16a000 rw-p 0000d000 08:01 1180379                    /home/ubuntu1604/jdk1.8.0_91/jre/lib/amd64/libverify.so
7f386b16a000-7f386b171000 r-xp 00000000 08:01 1971438                    /lib/x86_64-linux-gnu/librt-2.23.so
7f386b171000-7f386b370000 ---p 00007000 08:01 1971438                    /lib/x86_64-linux-gnu/librt-2.23.so
7f386b370000-7f386b371000 r--p 00006000 08:01 1971438                    /lib/x86_64-linux-gnu/librt-2.23.so
7f386b371000-7f386b372000 rw-p 00007000 08:01 1971438                    /lib/x86_64-linux-gnu/librt-2.23.so
7f386b372000-7f386b47a000 r-xp 00000000 08:01 1971354                    /lib/x86_64-linux-gnu/libm-2.23.so
7f386b47a000-7f386b679000 ---p 00108000 08:01 1971354                    /lib/x86_64-linux-gnu/libm-2.23.so
7f386b679000-7f386b67a000 r--p 00107000 08:01 1971354                    /lib/x86_64-linux-gnu/libm-2.23.so
7f386b67a000-7f386b67b000 rw-p 00108000 08:01 1971354                    /lib/x86_64-linux-gnu/libm-2.23.so
7f386b67b000-7f386c33b000 r-xp 00000000 08:01 1180306                    /home/ubuntu1604/jdk1.8.0_91/jre/lib/amd64/server/libjvm.so
7f386c33b000-7f386c53b000 ---p 00cc0000 08:01 1180306                    /home/ubuntu1604/jdk1.8.0_91/jre/lib/amd64/server/libjvm.so
7f386c53b000-7f386c613000 rw-p 00cc0000 08:01 1180306                    /home/ubuntu1604/jdk1.8.0_91/jre/lib/amd64/server/libjvm.so
7f386c613000-7f386c65e000 rw-p 00000000 00:00 0 
7f386c65e000-7f386c81e000 r-xp 00000000 08:01 1971284                    /lib/x86_64-linux-gnu/libc-2.23.so
7f386c81e000-7f386ca1d000 ---p 001c0000 08:01 1971284                    /lib/x86_64-linux-gnu/libc-2.23.so
7f386ca1d000-7f386ca21000 r--p 001bf000 08:01 1971284                    /lib/x86_64-linux-gnu/libc-2.23.so
7f386ca21000-7f386ca23000 rw-p 001c3000 08:01 1971284                    /lib/x86_64-linux-gnu/libc-2.23.so
7f386ca23000-7f386ca27000 rw-p 00000000 00:00 0 
7f386ca27000-7f386ca2a000 r-xp 00000000 08:01 1971308                    /lib/x86_64-linux-gnu/libdl-2.23.so
7f386ca2a000-7f386cc29000 ---p 00003000 08:01 1971308                    /lib/x86_64-linux-gnu/libdl-2.23.so
7f386cc29000-7f386cc2a000 r--p 00002000 08:01 1971308                    /lib/x86_64-linux-gnu/libdl-2.23.so
7f386cc2a000-7f386cc2b000 rw-p 00003000 08:01 1971308                    /lib/x86_64-linux-gnu/libdl-2.23.so
7f386cc2b000-7f386cc40000 r-xp 00000000 08:01 1180442                    /home/ubuntu1604/jdk1.8.0_91/lib/amd64/jli/libjli.so
7f386cc40000-7f386ce40000 ---p 00015000 08:01 1180442                    /home/ubuntu1604/jdk1.8.0_91/lib/amd64/jli/libjli.so
7f386ce40000-7f386ce41000 rw-p 00015000 08:01 1180442                    /home/ubuntu1604/jdk1.8.0_91/lib/amd64/jli/libjli.so
7f386ce41000-7f386ce59000 r-xp 00000000 08:01 1971430                    /lib/x86_64-linux-gnu/libpthread-2.23.so
7f386ce59000-7f386d058000 ---p 00018000 08:01 1971430                    /lib/x86_64-linux-gnu/libpthread-2.23.so
7f386d058000-7f386d059000 r--p 00017000 08:01 1971430                    /lib/x86_64-linux-gnu/libpthread-2.23.so
7f386d059000-7f386d05a000 rw-p 00018000 08:01 1971430                    /lib/x86_64-linux-gnu/libpthread-2.23.so
7f386d05a000-7f386d05e000 rw-p 00000000 00:00 0 
7f386d05e000-7f386d084000 r-xp 00000000 08:01 1971256                    /lib/x86_64-linux-gnu/ld-2.23.so
7f386d084000-7f386d086000 r--s 00009000 08:01 1184857                    /home/ubuntu1604/netbeans-8.1/java/maven/lib/maven-embedder-3.0.5.jar
7f386d086000-7f386d087000 r--s 00009000 08:01 1184887                    /home/ubuntu1604/netbeans-8.1/java/maven/lib/commons-cli-1.2.jar
7f386d087000-7f386d08d000 r--s 0003e000 08:01 1184871                    /home/ubuntu1604/netbeans-8.1/java/maven/lib/maven-compat-3.0.5.jar
7f386d08d000-7f386d166000 rw-p 00000000 00:00 0 
7f386d166000-7f386d169000 ---p 00000000 00:00 0 
7f386d169000-7f386d26b000 rw-p 00000000 00:00 0 
7f386d26b000-7f386d26e000 r--s 00025000 08:01 1184876                    /home/ubuntu1604/netbeans-8.1/java/maven/lib/maven-model-3.0.5.jar
7f386d26e000-7f386d275000 r--s 0003e000 08:01 1184842                    /home/ubuntu1604/netbeans-8.1/java/maven/lib/sisu-inject-bean-2.3.0.jar
7f386d275000-7f386d277000 r--s 0000a000 08:01 1184831                    /home/ubuntu1604/netbeans-8.1/java/maven/boot/plexus-classworlds-2.4.jar
7f386d277000-7f386d27f000 rw-s 00000000 08:01 1862337                    /tmp/hsperfdata_ubuntu1604/7816
7f386d27f000-7f386d280000 rw-p 00000000 00:00 0 
7f386d280000-7f386d281000 ---p 00000000 00:00 0 
7f386d281000-7f386d283000 rw-p 00000000 00:00 0 
7f386d283000-7f386d284000 r--p 00025000 08:01 1971256                    /lib/x86_64-linux-gnu/ld-2.23.so
7f386d284000-7f386d285000 rw-p 00026000 08:01 1971256                    /lib/x86_64-linux-gnu/ld-2.23.so
7f386d285000-7f386d286000 rw-p 00000000 00:00 0 
7fff7843d000-7fff7845e000 rw-p 00000000 00:00 0                          [stack]
7fff785a1000-7fff785a3000 r--p 00000000 00:00 0                          [vvar]
7fff785a3000-7fff785a5000 r-xp 00000000 00:00 0                          [vdso]
ffffffffff600000-ffffffffff601000 r-xp 00000000 00:00 0                  [vsyscall]

VM Arguments:
jvm_args: -Dclassworlds.conf=/home/ubuntu1604/netbeans-8.1/java/maven/bin/m2.conf -Dmaven.home=/home/ubuntu1604/netbeans-8.1/java/maven 
java_command: org.codehaus.plexus.classworlds.launcher.Launcher -Dmaven.ext.class.path=/home/ubuntu1604/netbeans-8.1/java/maven-nblib/netbeans-eventspy.jar clean install
java_class_path (initial): /home/ubuntu1604/netbeans-8.1/java/maven/boot/plexus-classworlds-2.4.jar
Launcher Type: SUN_STANDARD

Environment Variables:
JAVA_HOME=/home/ubuntu1604/jdk1.8.0_91
PATH=/usr/local/sbin:/usr/local/bin:/usr/sbin:/usr/bin:/sbin:/bin:/usr/games:/usr/local/games:/snap/bin
LD_LIBRARY_PATH=/home/ubuntu1604/jdk1.8.0_91/jre/lib/amd64:/home/ubuntu1604/jdk1.8.0_91/jre/lib/i386:
SHELL=/bin/bash
DISPLAY=:0

Signal Handlers:
SIGSEGV: [libjvm.so+0xabca10], sa_mask[0]=11111111011111111101111111111110, sa_flags=SA_RESTART|SA_SIGINFO
SIGBUS: [libjvm.so+0xabca10], sa_mask[0]=11111111011111111101111111111110, sa_flags=SA_RESTART|SA_SIGINFO
SIGFPE: [libjvm.so+0x919a20], sa_mask[0]=11111111011111111101111111111110, sa_flags=SA_RESTART|SA_SIGINFO
SIGPIPE: [libjvm.so+0x919a20], sa_mask[0]=11111111011111111101111111111110, sa_flags=SA_RESTART|SA_SIGINFO
SIGXFSZ: [libjvm.so+0x919a20], sa_mask[0]=11111111011111111101111111111110, sa_flags=SA_RESTART|SA_SIGINFO
SIGILL: [libjvm.so+0x919a20], sa_mask[0]=11111111011111111101111111111110, sa_flags=SA_RESTART|SA_SIGINFO
SIGUSR1: SIG_DFL, sa_mask[0]=00000000000000000000000000000000, sa_flags=none
SIGUSR2: [libjvm.so+0x91b050], sa_mask[0]=00100000000000000000000000000000, sa_flags=SA_RESTART|SA_SIGINFO
SIGHUP: [libjvm.so+0x91c450], sa_mask[0]=11111111011111111101111111111110, sa_flags=SA_RESTART|SA_SIGINFO
SIGINT: SIG_IGN, sa_mask[0]=00000000000000000000000000000000, sa_flags=none
SIGTERM: [libjvm.so+0x91c450], sa_mask[0]=11111111011111111101111111111110, sa_flags=SA_RESTART|SA_SIGINFO
SIGQUIT: [libjvm.so+0x91c450], sa_mask[0]=11111111011111111101111111111110, sa_flags=SA_RESTART|SA_SIGINFO


---------------  S Y S T E M  ---------------

OS:DISTRIB_ID=Ubuntu
DISTRIB_RELEASE=16.04
DISTRIB_CODENAME=xenial
DISTRIB_DESCRIPTION="Ubuntu 16.04 LTS"

uname:Linux 4.4.0-42-generic #62-Ubuntu SMP Fri Oct 7 23:11:45 UTC 2016 x86_64
libc:glibc 2.23 NPTL 2.23 
rlimit: STACK 8192k, CORE 0k, NPROC 16046, NOFILE 65536, AS infinity
load average:2,96 1,87 1,51

/proc/meminfo:
MemTotal:        4146984 kB
MemFree:          105660 kB
MemAvailable:       5924 kB
Buffers:             292 kB
Cached:            17632 kB
SwapCached:        12184 kB
Active:          3065292 kB
Inactive:         830008 kB
Active(anon):    3064044 kB
Inactive(anon):   817096 kB
Active(file):       1248 kB
Inactive(file):    12912 kB
Unevictable:          88 kB
Mlocked:              88 kB
SwapTotal:       2095100 kB
SwapFree:              0 kB
Dirty:                96 kB
Writeback:             0 kB
AnonPages:       3866648 kB
Mapped:            12944 kB
Shmem:              3512 kB
Slab:              52852 kB
SReclaimable:      24488 kB
SUnreclaim:        28364 kB
KernelStack:       10144 kB
PageTables:        49932 kB
NFS_Unstable:          0 kB
Bounce:                0 kB
WritebackTmp:          0 kB
CommitLimit:     4168592 kB
Committed_AS:    8933148 kB
VmallocTotal:   34359738367 kB
VmallocUsed:           0 kB
VmallocChunk:          0 kB
HardwareCorrupted:     0 kB
AnonHugePages:   1720320 kB
CmaTotal:              0 kB
CmaFree:               0 kB
HugePages_Total:       0
HugePages_Free:        0
HugePages_Rsvd:        0
HugePages_Surp:        0
Hugepagesize:       2048 kB
DirectMap4k:       98240 kB
DirectMap2M:     4198400 kB


CPU:total 2 (2 cores per cpu, 1 threads per core) family 6 model 78 stepping 3, cmov, cx8, fxsr, mmx, sse, sse2, sse3, ssse3, sse4.1, sse4.2, popcnt, avx, aes, clmul, 3dnowpref, lzcnt, tsc, tscinvbit

/proc/cpuinfo:
processor	: 0
vendor_id	: GenuineIntel
cpu family	: 6
model		: 78
model name	: Intel(R) Core(TM) i7-6560U CPU @ 2.20GHz
stepping	: 3
cpu MHz		: 2207.998
cache size	: 4096 KB
physical id	: 0
siblings	: 2
core id		: 0
cpu cores	: 2
apicid		: 0
initial apicid	: 0
fpu		: yes
fpu_exception	: yes
cpuid level	: 22
wp		: yes
flags		: fpu vme de pse tsc msr pae mce cx8 apic sep mtrr pge mca cmov pat pse36 clflush mmx fxsr sse sse2 ht syscall nx rdtscp lm constant_tsc rep_good nopl xtopology nonstop_tsc pni pclmulqdq ssse3 cx16 sse4_1 sse4_2 movbe popcnt aes xsave avx rdrand hypervisor lahf_lm abm 3dnowprefetch rdseed clflushopt
bugs		:
bogomips	: 4415.99
clflush size	: 64
cache_alignment	: 64
address sizes	: 39 bits physical, 48 bits virtual
power management:

processor	: 1
vendor_id	: GenuineIntel
cpu family	: 6
model		: 78
model name	: Intel(R) Core(TM) i7-6560U CPU @ 2.20GHz
stepping	: 3
cpu MHz		: 2207.998
cache size	: 4096 KB
physical id	: 0
siblings	: 2
core id		: 1
cpu cores	: 2
apicid		: 1
initial apicid	: 1
fpu		: yes
fpu_exception	: yes
cpuid level	: 22
wp		: yes
flags		: fpu vme de pse tsc msr pae mce cx8 apic sep mtrr pge mca cmov pat pse36 clflush mmx fxsr sse sse2 ht syscall nx rdtscp lm constant_tsc rep_good nopl xtopology nonstop_tsc pni pclmulqdq ssse3 cx16 sse4_1 sse4_2 movbe popcnt aes xsave avx rdrand hypervisor lahf_lm abm 3dnowprefetch rdseed clflushopt
bugs		:
bogomips	: 4415.99
clflush size	: 64
cache_alignment	: 64
address sizes	: 39 bits physical, 48 bits virtual
power management:



Memory: 4k page, physical 4146984k(105660k free), swap 2095100k(0k free)

vm_info: Java HotSpot(TM) 64-Bit Server VM (25.91-b14) for linux-amd64 JRE (1.8.0_91-b14), built on Apr  1 2016 00:57:21 by "java_re" with gcc 4.3.0 20080428 (Red Hat 4.3.0-8)

time: Tue Oct 11 14:31:42 2016
elapsed time: 7 seconds (0d 0h 0m 7s)

